This file contains any messages produced by compilers while
running configure, to aid debugging if configure makes a mistake.

It was created by configure, which was
generated by GNU Autoconf 2.69.  Invocation command line was

  $ ./configure --enable-png-shared --enable-jpg-shared --prefix=/opt/kioskd --enable-shared

## --------- ##
## Platform. ##
## --------- ##

hostname = lithium.r2zer0.net
uname -m = armv6l
uname -r = 3.16.2-200.fc20.x86_64
uname -s = Linux
uname -v = #1 SMP Mon Sep 8 11:54:45 UTC 2014

/usr/bin/uname -p = unknown
/bin/uname -X     = unknown

/bin/arch              = unknown
/usr/bin/arch -k       = unknown
/usr/convex/getsysinfo = unknown
/usr/bin/hostinfo      = unknown
/bin/machine           = unknown
/usr/bin/oslevel       = unknown
/bin/universe          = unknown

PATH: /usr/local/sbin
PATH: /usr/sbin
PATH: /sbin
PATH: /home/rikki/perl5/perlbrew/bin
PATH: /home/rikki/perl5/perlbrew/perls/perl-5.20.0/bin
PATH: /usr/lib64/qt-3.3/bin
PATH: /usr/local/bin
PATH: /usr/bin
PATH: /bin
PATH: /usr/games
PATH: /usr/local/sbin
PATH: /usr/sbin
PATH: /home/rikki/.cabal/bin
PATH: /usr/local/share/ViennaRNA/bin
PATH: /home/rikki/Programs/rpi-crosstools/bin
PATH: /home/rikki/.local/bin
PATH: /home/rikki/bin
PATH: /home/rikki/.cabal/bin
PATH: /usr/local/share/ViennaRNA/bin
PATH: /home/rikki/rpi-crosstools/bin


## ----------- ##
## Core tests. ##
## ----------- ##

configure:2547: checking build system type
configure:2561: result: armv6l-unknown-linux-gnueabi
configure:2581: checking host system type
configure:2594: result: armv6l-unknown-linux-gnueabi
configure:2662: checking for gcc
configure:2689: result: /opt/xgcc/bin/arm-linux-gnueabihf-gcc
configure:2918: checking for C compiler version
configure:2927: /opt/xgcc/bin/arm-linux-gnueabihf-gcc --version >&5
arm-linux-gnueabihf-gcc (crosstool-NG linaro-1.13.1+bzr2650 - Linaro GCC 2014.03) 4.8.3 20140303 (prerelease)
Copyright (C) 2013 Free Software Foundation, Inc.
This is free software; see the source for copying conditions.  There is NO
warranty; not even for MERCHANTABILITY or FITNESS FOR A PARTICULAR PURPOSE.

configure:2938: $? = 0
configure:2927: /opt/xgcc/bin/arm-linux-gnueabihf-gcc -v >&5
Using built-in specs.
COLLECT_GCC=/opt/xgcc/bin/arm-linux-gnueabihf-gcc
COLLECT_LTO_WRAPPER=/opt/xgcc/bin/../libexec/gcc/arm-linux-gnueabihf/4.8.3/lto-wrapper
Target: arm-linux-gnueabihf
Configured with: /home/zhehe01/work/bzr/pi-build/builds/arm-linux-gnueabihf-raspbian-linux/.build/src/gcc-linaro-4.8-2014.03/configure --build=x86_64-build_unknown-linux-gnu --host=x86_64-build_unknown-linux-gnu --target=arm-linux-gnueabihf --prefix=/home/zhehe01/work/bzr/pi-build/builds/arm-linux-gnueabihf-raspbian-linux/install --with-sysroot=/home/zhehe01/work/bzr/pi-build/builds/arm-linux-gnueabihf-raspbian-linux/install/arm-linux-gnueabihf/libc --enable-languages=c,c++,fortran --disable-multilib --enable-multiarch --with-arch=armv6 --with-tune=arm1176jz-s --with-fpu=vfp --with-float=hard --with-pkgversion='crosstool-NG linaro-1.13.1+bzr2650 - Linaro GCC 2014.03' --with-bugurl=https://bugs.launchpad.net/gcc-linaro --enable-__cxa_atexit --enable-libmudflap --enable-libgomp --enable-libssp --with-gmp=/home/zhehe01/work/bzr/pi-build/builds/arm-linux-gnueabihf-raspbian-linux/.build/arm-linux-gnueabihf/build/static --with-mpfr=/home/zhehe01/work/bzr/pi-build/builds/arm-linux-gnueabihf-raspbian-linux/.build/arm-linux-gnueabihf/build/static --with-mpc=/home/zhehe01/work/bzr/pi-build/builds/arm-linux-gnueabihf-raspbian-linux/.build/arm-linux-gnueabihf/build/static --with-isl=/home/zhehe01/work/bzr/pi-build/builds/arm-linux-gnueabihf-raspbian-linux/.build/arm-linux-gnueabihf/build/static --with-cloog=/home/zhehe01/work/bzr/pi-build/builds/arm-linux-gnueabihf-raspbian-linux/.build/arm-linux-gnueabihf/build/static --with-libelf=/home/zhehe01/work/bzr/pi-build/builds/arm-linux-gnueabihf-raspbian-linux/.build/arm-linux-gnueabihf/build/static --enable-threads=posix --disable-libstdcxx-pch --enable-linker-build-id --enable-plugin --enable-gold --with-local-prefix=/home/zhehe01/work/bzr/pi-build/builds/arm-linux-gnueabihf-raspbian-linux/install/arm-linux-gnueabihf/libc --enable-c99 --enable-long-long --with-float=hard
Thread model: posix
gcc version 4.8.3 20140303 (prerelease) (crosstool-NG linaro-1.13.1+bzr2650 - Linaro GCC 2014.03) 
configure:2938: $? = 0
configure:2927: /opt/xgcc/bin/arm-linux-gnueabihf-gcc -V >&5
arm-linux-gnueabihf-gcc: error: unrecognized command line option '-V'
arm-linux-gnueabihf-gcc: fatal error: no input files
compilation terminated.
configure:2938: $? = 1
configure:2927: /opt/xgcc/bin/arm-linux-gnueabihf-gcc -qversion >&5
arm-linux-gnueabihf-gcc: error: unrecognized command line option '-qversion'
arm-linux-gnueabihf-gcc: fatal error: no input files
compilation terminated.
configure:2938: $? = 1
configure:2958: checking whether the C compiler works
configure:2980: /opt/xgcc/bin/arm-linux-gnueabihf-gcc -I/opt/kioskd/include -I/opt/vc/include --sysroot=/ -I/opt/kioskd/include -I/opt/vc/include --sysroot=/ -L/opt/kioskd/lib -L/opt/vc/lib  -L/usr/lib/arm-linux-gnueabihf --sysroot=/ conftest.c  >&5
configure:2984: $? = 0
configure:3032: result: yes
configure:3035: checking for C compiler default output file name
configure:3037: result: a.out
configure:3043: checking for suffix of executables
configure:3050: /opt/xgcc/bin/arm-linux-gnueabihf-gcc -o conftest -I/opt/kioskd/include -I/opt/vc/include --sysroot=/ -I/opt/kioskd/include -I/opt/vc/include --sysroot=/ -L/opt/kioskd/lib -L/opt/vc/lib  -L/usr/lib/arm-linux-gnueabihf --sysroot=/ conftest.c  >&5
configure:3054: $? = 0
configure:3076: result: 
configure:3098: checking whether we are cross compiling
configure:3106: /opt/xgcc/bin/arm-linux-gnueabihf-gcc -o conftest -I/opt/kioskd/include -I/opt/vc/include --sysroot=/ -I/opt/kioskd/include -I/opt/vc/include --sysroot=/ -L/opt/kioskd/lib -L/opt/vc/lib  -L/usr/lib/arm-linux-gnueabihf --sysroot=/ conftest.c  >&5
configure:3110: $? = 0
configure:3117: ./conftest
configure:3121: $? = 0
configure:3136: result: no
configure:3141: checking for suffix of object files
configure:3163: /opt/xgcc/bin/arm-linux-gnueabihf-gcc -c -I/opt/kioskd/include -I/opt/vc/include --sysroot=/ -I/opt/kioskd/include -I/opt/vc/include --sysroot=/ conftest.c >&5
configure:3167: $? = 0
configure:3188: result: o
configure:3192: checking whether we are using the GNU C compiler
configure:3211: /opt/xgcc/bin/arm-linux-gnueabihf-gcc -c -I/opt/kioskd/include -I/opt/vc/include --sysroot=/ -I/opt/kioskd/include -I/opt/vc/include --sysroot=/ conftest.c >&5
configure:3211: $? = 0
configure:3220: result: yes
configure:3229: checking whether /opt/xgcc/bin/arm-linux-gnueabihf-gcc accepts -g
configure:3249: /opt/xgcc/bin/arm-linux-gnueabihf-gcc -c -g -I/opt/kioskd/include -I/opt/vc/include --sysroot=/ conftest.c >&5
configure:3249: $? = 0
configure:3290: result: yes
configure:3307: checking for /opt/xgcc/bin/arm-linux-gnueabihf-gcc option to accept ISO C89
configure:3370: /opt/xgcc/bin/arm-linux-gnueabihf-gcc  -c -I/opt/kioskd/include -I/opt/vc/include --sysroot=/ -I/opt/kioskd/include -I/opt/vc/include --sysroot=/ conftest.c >&5
configure:3370: $? = 0
configure:3383: result: none needed
configure:3403: checking for a sed that does not truncate output
configure:3467: result: /bin/sed
configure:3485: checking for grep that handles long lines and -e
configure:3543: result: /bin/grep
configure:3548: checking for egrep
configure:3610: result: /bin/grep -E
configure:3615: checking for fgrep
configure:3677: result: /bin/grep -F
configure:3712: checking for ld used by /opt/xgcc/bin/arm-linux-gnueabihf-gcc
configure:3779: result: /opt/xgcc/arm-linux-gnueabihf/bin/ld
configure:3786: checking if the linker (/opt/xgcc/arm-linux-gnueabihf/bin/ld) is GNU ld
configure:3801: result: yes
configure:3813: checking for BSD- or MS-compatible name lister (nm)
configure:3862: result: /usr/bin/nm -B
configure:3980: checking the name lister (/usr/bin/nm -B) interface
configure:3987: /opt/xgcc/bin/arm-linux-gnueabihf-gcc -c -I/opt/kioskd/include -I/opt/vc/include --sysroot=/ -I/opt/kioskd/include -I/opt/vc/include --sysroot=/ conftest.c >&5
configure:3990: /usr/bin/nm -B "conftest.o"
configure:3993: output
00000000 B some_variable
configure:4000: result: BSD nm
configure:4003: checking whether ln -s works
configure:4007: result: yes
configure:4015: checking the maximum length of command line arguments
configure:4141: result: 1572864
configure:4158: checking whether the shell understands some XSI constructs
configure:4168: result: yes
configure:4172: checking whether the shell understands "+="
configure:4178: result: yes
configure:4213: checking for /opt/xgcc/arm-linux-gnueabihf/bin/ld option to reload object files
configure:4220: result: -r
configure:4289: checking for objdump
configure:4305: found /usr/bin/objdump
configure:4316: result: objdump
configure:4345: checking how to recognize dependent libraries
configure:4543: result: pass_all
configure:4603: checking for ar
configure:4619: found /usr/bin/ar
configure:4630: result: ar
configure:4708: checking for strip
configure:4724: found /usr/bin/strip
configure:4735: result: strip
configure:4807: checking for ranlib
configure:4823: found /usr/bin/ranlib
configure:4834: result: ranlib
configure:4924: checking command to parse /usr/bin/nm -B output from /opt/xgcc/bin/arm-linux-gnueabihf-gcc object
configure:5042: /opt/xgcc/bin/arm-linux-gnueabihf-gcc -c -I/opt/kioskd/include -I/opt/vc/include --sysroot=/ -I/opt/kioskd/include -I/opt/vc/include --sysroot=/ conftest.c >&5
configure:5045: $? = 0
configure:5049: /usr/bin/nm -B conftest.o \| sed -n -e 's/^.*[	 ]\([ABCDGIRSTW][ABCDGIRSTW]*\)[	 ][	 ]*\([_A-Za-z][_A-Za-z0-9]*\)$/\1 \2 \2/p' \> conftest.nm
configure:5052: $? = 0
configure:5106: /opt/xgcc/bin/arm-linux-gnueabihf-gcc -o conftest -I/opt/kioskd/include -I/opt/vc/include --sysroot=/ -I/opt/kioskd/include -I/opt/vc/include --sysroot=/ -L/opt/kioskd/lib -L/opt/vc/lib  -L/usr/lib/arm-linux-gnueabihf --sysroot=/ conftest.c conftstm.o >&5
configure:5109: $? = 0
configure:5147: result: ok
configure:5956: checking how to run the C preprocessor
configure:6026: result: /opt/xgcc/bin/arm-linux-gnueabihf-cpp
configure:6046: /opt/xgcc/bin/arm-linux-gnueabihf-cpp -I/opt/kioskd/include -I/opt/vc/include --sysroot=/ conftest.c
configure:6046: $? = 0
configure:6060: /opt/xgcc/bin/arm-linux-gnueabihf-cpp -I/opt/kioskd/include -I/opt/vc/include --sysroot=/ conftest.c
conftest.c:9:28: fatal error: ac_nonexistent.h: No such file or directory
 #include <ac_nonexistent.h>
                            ^
compilation terminated.
configure:6060: $? = 1
configure: failed program was:
| /* confdefs.h */
| #define PACKAGE_NAME ""
| #define PACKAGE_TARNAME ""
| #define PACKAGE_VERSION ""
| #define PACKAGE_STRING ""
| #define PACKAGE_BUGREPORT ""
| #define PACKAGE_URL ""
| /* end confdefs.h.  */
| #include <ac_nonexistent.h>
configure:6089: checking for ANSI C header files
configure:6109: /opt/xgcc/bin/arm-linux-gnueabihf-gcc -c -I/opt/kioskd/include -I/opt/vc/include --sysroot=/ -I/opt/kioskd/include -I/opt/vc/include --sysroot=/ conftest.c >&5
configure:6109: $? = 0
configure:6182: /opt/xgcc/bin/arm-linux-gnueabihf-gcc -o conftest -I/opt/kioskd/include -I/opt/vc/include --sysroot=/ -I/opt/kioskd/include -I/opt/vc/include --sysroot=/ -L/opt/kioskd/lib -L/opt/vc/lib  -L/usr/lib/arm-linux-gnueabihf --sysroot=/ conftest.c  >&5
configure:6182: $? = 0
configure:6182: ./conftest
configure:6182: $? = 0
configure:6193: result: yes
configure:6206: checking for sys/types.h
configure:6206: /opt/xgcc/bin/arm-linux-gnueabihf-gcc -c -I/opt/kioskd/include -I/opt/vc/include --sysroot=/ -I/opt/kioskd/include -I/opt/vc/include --sysroot=/ conftest.c >&5
configure:6206: $? = 0
configure:6206: result: yes
configure:6206: checking for sys/stat.h
configure:6206: /opt/xgcc/bin/arm-linux-gnueabihf-gcc -c -I/opt/kioskd/include -I/opt/vc/include --sysroot=/ -I/opt/kioskd/include -I/opt/vc/include --sysroot=/ conftest.c >&5
configure:6206: $? = 0
configure:6206: result: yes
configure:6206: checking for stdlib.h
configure:6206: /opt/xgcc/bin/arm-linux-gnueabihf-gcc -c -I/opt/kioskd/include -I/opt/vc/include --sysroot=/ -I/opt/kioskd/include -I/opt/vc/include --sysroot=/ conftest.c >&5
configure:6206: $? = 0
configure:6206: result: yes
configure:6206: checking for string.h
configure:6206: /opt/xgcc/bin/arm-linux-gnueabihf-gcc -c -I/opt/kioskd/include -I/opt/vc/include --sysroot=/ -I/opt/kioskd/include -I/opt/vc/include --sysroot=/ conftest.c >&5
configure:6206: $? = 0
configure:6206: result: yes
configure:6206: checking for memory.h
configure:6206: /opt/xgcc/bin/arm-linux-gnueabihf-gcc -c -I/opt/kioskd/include -I/opt/vc/include --sysroot=/ -I/opt/kioskd/include -I/opt/vc/include --sysroot=/ conftest.c >&5
configure:6206: $? = 0
configure:6206: result: yes
configure:6206: checking for strings.h
configure:6206: /opt/xgcc/bin/arm-linux-gnueabihf-gcc -c -I/opt/kioskd/include -I/opt/vc/include --sysroot=/ -I/opt/kioskd/include -I/opt/vc/include --sysroot=/ conftest.c >&5
configure:6206: $? = 0
configure:6206: result: yes
configure:6206: checking for inttypes.h
configure:6206: /opt/xgcc/bin/arm-linux-gnueabihf-gcc -c -I/opt/kioskd/include -I/opt/vc/include --sysroot=/ -I/opt/kioskd/include -I/opt/vc/include --sysroot=/ conftest.c >&5
configure:6206: $? = 0
configure:6206: result: yes
configure:6206: checking for stdint.h
configure:6206: /opt/xgcc/bin/arm-linux-gnueabihf-gcc -c -I/opt/kioskd/include -I/opt/vc/include --sysroot=/ -I/opt/kioskd/include -I/opt/vc/include --sysroot=/ conftest.c >&5
configure:6206: $? = 0
configure:6206: result: yes
configure:6206: checking for unistd.h
configure:6206: /opt/xgcc/bin/arm-linux-gnueabihf-gcc -c -I/opt/kioskd/include -I/opt/vc/include --sysroot=/ -I/opt/kioskd/include -I/opt/vc/include --sysroot=/ conftest.c >&5
configure:6206: $? = 0
configure:6206: result: yes
configure:6220: checking for dlfcn.h
configure:6220: /opt/xgcc/bin/arm-linux-gnueabihf-gcc -c -I/opt/kioskd/include -I/opt/vc/include --sysroot=/ -I/opt/kioskd/include -I/opt/vc/include --sysroot=/ conftest.c >&5
configure:6220: $? = 0
configure:6220: result: yes
configure:6702: checking for objdir
configure:6717: result: .libs
configure:7013: checking if /opt/xgcc/bin/arm-linux-gnueabihf-gcc supports -fno-rtti -fno-exceptions
configure:7031: /opt/xgcc/bin/arm-linux-gnueabihf-gcc -c -I/opt/kioskd/include -I/opt/vc/include --sysroot=/ -I/opt/kioskd/include -I/opt/vc/include --sysroot=/ -fno-rtti -fno-exceptions conftest.c >&5
cc1: warning: command line option '-fno-rtti' is valid for C++/ObjC++ but not for C [enabled by default]
configure:7035: $? = 0
configure:7048: result: no
configure:7068: checking for /opt/xgcc/bin/arm-linux-gnueabihf-gcc option to produce PIC
configure:7340: result: -fPIC -DPIC
configure:7352: checking if /opt/xgcc/bin/arm-linux-gnueabihf-gcc PIC flag -fPIC -DPIC works
configure:7370: /opt/xgcc/bin/arm-linux-gnueabihf-gcc -c -I/opt/kioskd/include -I/opt/vc/include --sysroot=/ -I/opt/kioskd/include -I/opt/vc/include --sysroot=/ -fPIC -DPIC -DPIC conftest.c >&5
configure:7374: $? = 0
configure:7387: result: yes
configure:7411: checking if /opt/xgcc/bin/arm-linux-gnueabihf-gcc static flag -static works
configure:7439: result: yes
configure:7454: checking if /opt/xgcc/bin/arm-linux-gnueabihf-gcc supports -c -o file.o
configure:7475: /opt/xgcc/bin/arm-linux-gnueabihf-gcc -c -I/opt/kioskd/include -I/opt/vc/include --sysroot=/ -I/opt/kioskd/include -I/opt/vc/include --sysroot=/ -o out/conftest2.o conftest.c >&5
configure:7479: $? = 0
configure:7501: result: yes
configure:7509: checking if /opt/xgcc/bin/arm-linux-gnueabihf-gcc supports -c -o file.o
configure:7556: result: yes
configure:7589: checking whether the /opt/xgcc/bin/arm-linux-gnueabihf-gcc linker (/opt/xgcc/arm-linux-gnueabihf/bin/ld) supports shared libraries
configure:8575: result: yes
configure:8612: checking whether -lc should be explicitly linked in
configure:8617: /opt/xgcc/bin/arm-linux-gnueabihf-gcc -c -I/opt/kioskd/include -I/opt/vc/include --sysroot=/ -I/opt/kioskd/include -I/opt/vc/include --sysroot=/ conftest.c >&5
configure:8620: $? = 0
configure:8635: /opt/xgcc/bin/arm-linux-gnueabihf-gcc -shared conftest.o  -v -Wl,-soname -Wl,conftest -o conftest 2\>\&1 \| /bin/grep  -lc  \>/dev/null 2\>\&1
configure:8638: $? = 0
configure:8650: result: no
configure:8814: checking dynamic linker characteristics
configure:9249: /opt/xgcc/bin/arm-linux-gnueabihf-gcc -o conftest -I/opt/kioskd/include -I/opt/vc/include --sysroot=/ -I/opt/kioskd/include -I/opt/vc/include --sysroot=/ -L/opt/kioskd/lib -L/opt/vc/lib  -L/usr/lib/arm-linux-gnueabihf --sysroot=/ -Wl,-rpath -Wl,/foo conftest.c  >&5
configure:9249: $? = 0
configure:9467: result: GNU/Linux ld.so
configure:9569: checking how to hardcode library paths into programs
configure:9594: result: immediate
configure:10114: checking whether stripping libraries is possible
configure:10119: result: yes
configure:10154: checking if libtool supports shared libraries
configure:10156: result: yes
configure:10159: checking whether to build shared libraries
configure:10180: result: yes
configure:10183: checking whether to build static libraries
configure:10187: result: yes
configure:10251: checking for a BSD-compatible install
configure:10319: result: /usr/bin/install -c
configure:10330: checking whether build environment is sane
configure:10385: result: yes
configure:10536: checking for a thread-safe mkdir -p
configure:10575: result: /bin/mkdir -p
configure:10582: checking for gawk
configure:10612: result: no
configure:10582: checking for mawk
configure:10598: found /usr/bin/mawk
configure:10609: result: mawk
configure:10620: checking whether make sets $(MAKE)
configure:10642: result: yes
configure:10672: checking for style of include used by make
configure:10700: result: GNU
configure:10734: checking whether make supports nested variables
configure:10751: result: yes
configure:10832: checking dependency style of /opt/xgcc/bin/arm-linux-gnueabihf-gcc
configure:10943: result: gcc3
configure:11009: checking for gcc
configure:11036: result: /opt/xgcc/bin/arm-linux-gnueabihf-gcc
configure:11265: checking for C compiler version
configure:11274: /opt/xgcc/bin/arm-linux-gnueabihf-gcc --version >&5
arm-linux-gnueabihf-gcc (crosstool-NG linaro-1.13.1+bzr2650 - Linaro GCC 2014.03) 4.8.3 20140303 (prerelease)
Copyright (C) 2013 Free Software Foundation, Inc.
This is free software; see the source for copying conditions.  There is NO
warranty; not even for MERCHANTABILITY or FITNESS FOR A PARTICULAR PURPOSE.

configure:11285: $? = 0
configure:11274: /opt/xgcc/bin/arm-linux-gnueabihf-gcc -v >&5
Using built-in specs.
COLLECT_GCC=/opt/xgcc/bin/arm-linux-gnueabihf-gcc
COLLECT_LTO_WRAPPER=/opt/xgcc/bin/../libexec/gcc/arm-linux-gnueabihf/4.8.3/lto-wrapper
Target: arm-linux-gnueabihf
Configured with: /home/zhehe01/work/bzr/pi-build/builds/arm-linux-gnueabihf-raspbian-linux/.build/src/gcc-linaro-4.8-2014.03/configure --build=x86_64-build_unknown-linux-gnu --host=x86_64-build_unknown-linux-gnu --target=arm-linux-gnueabihf --prefix=/home/zhehe01/work/bzr/pi-build/builds/arm-linux-gnueabihf-raspbian-linux/install --with-sysroot=/home/zhehe01/work/bzr/pi-build/builds/arm-linux-gnueabihf-raspbian-linux/install/arm-linux-gnueabihf/libc --enable-languages=c,c++,fortran --disable-multilib --enable-multiarch --with-arch=armv6 --with-tune=arm1176jz-s --with-fpu=vfp --with-float=hard --with-pkgversion='crosstool-NG linaro-1.13.1+bzr2650 - Linaro GCC 2014.03' --with-bugurl=https://bugs.launchpad.net/gcc-linaro --enable-__cxa_atexit --enable-libmudflap --enable-libgomp --enable-libssp --with-gmp=/home/zhehe01/work/bzr/pi-build/builds/arm-linux-gnueabihf-raspbian-linux/.build/arm-linux-gnueabihf/build/static --with-mpfr=/home/zhehe01/work/bzr/pi-build/builds/arm-linux-gnueabihf-raspbian-linux/.build/arm-linux-gnueabihf/build/static --with-mpc=/home/zhehe01/work/bzr/pi-build/builds/arm-linux-gnueabihf-raspbian-linux/.build/arm-linux-gnueabihf/build/static --with-isl=/home/zhehe01/work/bzr/pi-build/builds/arm-linux-gnueabihf-raspbian-linux/.build/arm-linux-gnueabihf/build/static --with-cloog=/home/zhehe01/work/bzr/pi-build/builds/arm-linux-gnueabihf-raspbian-linux/.build/arm-linux-gnueabihf/build/static --with-libelf=/home/zhehe01/work/bzr/pi-build/builds/arm-linux-gnueabihf-raspbian-linux/.build/arm-linux-gnueabihf/build/static --enable-threads=posix --disable-libstdcxx-pch --enable-linker-build-id --enable-plugin --enable-gold --with-local-prefix=/home/zhehe01/work/bzr/pi-build/builds/arm-linux-gnueabihf-raspbian-linux/install/arm-linux-gnueabihf/libc --enable-c99 --enable-long-long --with-float=hard
Thread model: posix
gcc version 4.8.3 20140303 (prerelease) (crosstool-NG linaro-1.13.1+bzr2650 - Linaro GCC 2014.03) 
configure:11285: $? = 0
configure:11274: /opt/xgcc/bin/arm-linux-gnueabihf-gcc -V >&5
arm-linux-gnueabihf-gcc: error: unrecognized command line option '-V'
arm-linux-gnueabihf-gcc: fatal error: no input files
compilation terminated.
configure:11285: $? = 1
configure:11274: /opt/xgcc/bin/arm-linux-gnueabihf-gcc -qversion >&5
arm-linux-gnueabihf-gcc: error: unrecognized command line option '-qversion'
arm-linux-gnueabihf-gcc: fatal error: no input files
compilation terminated.
configure:11285: $? = 1
configure:11289: checking whether we are using the GNU C compiler
configure:11317: result: yes
configure:11326: checking whether /opt/xgcc/bin/arm-linux-gnueabihf-gcc accepts -g
configure:11387: result: yes
configure:11404: checking for /opt/xgcc/bin/arm-linux-gnueabihf-gcc option to accept ISO C89
configure:11480: result: none needed
configure:11554: checking for gcc
configure:11570: found /usr/bin/gcc
configure:11581: result: gcc
configure:11606: checking for Objective C compiler version
configure:11615: gcc --version >&5
gcc (Debian 4.6.3-14+rpi1) 4.6.3
Copyright (C) 2011 Free Software Foundation, Inc.
This is free software; see the source for copying conditions.  There is NO
warranty; not even for MERCHANTABILITY or FITNESS FOR A PARTICULAR PURPOSE.

configure:11626: $? = 0
configure:11615: gcc -v >&5
Using built-in specs.
COLLECT_GCC=gcc
COLLECT_LTO_WRAPPER=/usr/lib/gcc/arm-linux-gnueabihf/4.6/lto-wrapper
Target: arm-linux-gnueabihf
Configured with: ../src/configure -v --with-pkgversion='Debian 4.6.3-14+rpi1' --with-bugurl=file:///usr/share/doc/gcc-4.6/README.Bugs --enable-languages=c,c++,fortran,objc,obj-c++ --prefix=/usr --program-suffix=-4.6 --enable-shared --enable-linker-build-id --with-system-zlib --libexecdir=/usr/lib --without-included-gettext --enable-threads=posix --with-gxx-include-dir=/usr/include/c++/4.6 --libdir=/usr/lib --enable-nls --with-sysroot=/ --enable-clocale=gnu --enable-libstdcxx-debug --enable-libstdcxx-time=yes --enable-gnu-unique-object --enable-plugin --enable-objc-gc --disable-sjlj-exceptions --with-arch=armv6 --with-fpu=vfp --with-float=hard --enable-checking=release --build=arm-linux-gnueabihf --host=arm-linux-gnueabihf --target=arm-linux-gnueabihf
Thread model: posix
gcc version 4.6.3 (Debian 4.6.3-14+rpi1) 
configure:11626: $? = 0
configure:11615: gcc -V >&5
gcc: error: unrecognized option '-V'
gcc: fatal error: no input files
compilation terminated.
configure:11626: $? = 4
configure:11615: gcc -qversion >&5
gcc: error: unrecognized option '-qversion'
gcc: fatal error: no input files
compilation terminated.
configure:11626: $? = 4
configure:11630: checking whether we are using the GNU Objective C compiler
configure:11649: gcc -c  -I/opt/kioskd/include -I/opt/vc/include --sysroot=/ conftest.m >&5
gcc: error trying to exec 'cc1obj': execvp: No such file or directory
configure:11649: $? = 1
configure: failed program was:
| /* confdefs.h */
| #define PACKAGE_NAME ""
| #define PACKAGE_TARNAME ""
| #define PACKAGE_VERSION ""
| #define PACKAGE_STRING ""
| #define PACKAGE_BUGREPORT ""
| #define PACKAGE_URL ""
| #define STDC_HEADERS 1
| #define HAVE_SYS_TYPES_H 1
| #define HAVE_SYS_STAT_H 1
| #define HAVE_STDLIB_H 1
| #define HAVE_STRING_H 1
| #define HAVE_MEMORY_H 1
| #define HAVE_STRINGS_H 1
| #define HAVE_INTTYPES_H 1
| #define HAVE_STDINT_H 1
| #define HAVE_UNISTD_H 1
| #define HAVE_DLFCN_H 1
| #define LT_OBJDIR ".libs/"
| #define PACKAGE "SDL2_image"
| #define VERSION "2.0.0"
| /* end confdefs.h.  */
| 
| int
| main ()
| {
| #ifndef __GNUC__
|        choke me
| #endif
| 
|   ;
|   return 0;
| }
configure:11658: result: no
configure:11667: checking whether gcc accepts -g
configure:11687: gcc -c -g -I/opt/kioskd/include -I/opt/vc/include --sysroot=/ conftest.m >&5
gcc: error trying to exec 'cc1obj': execvp: No such file or directory
configure:11687: $? = 1
configure: failed program was:
| /* confdefs.h */
| #define PACKAGE_NAME ""
| #define PACKAGE_TARNAME ""
| #define PACKAGE_VERSION ""
| #define PACKAGE_STRING ""
| #define PACKAGE_BUGREPORT ""
| #define PACKAGE_URL ""
| #define STDC_HEADERS 1
| #define HAVE_SYS_TYPES_H 1
| #define HAVE_SYS_STAT_H 1
| #define HAVE_STDLIB_H 1
| #define HAVE_STRING_H 1
| #define HAVE_MEMORY_H 1
| #define HAVE_STRINGS_H 1
| #define HAVE_INTTYPES_H 1
| #define HAVE_STDINT_H 1
| #define HAVE_UNISTD_H 1
| #define HAVE_DLFCN_H 1
| #define LT_OBJDIR ".libs/"
| #define PACKAGE "SDL2_image"
| #define VERSION "2.0.0"
| /* end confdefs.h.  */
| 
| int
| main ()
| {
| 
|   ;
|   return 0;
| }
configure:11702: gcc -c  -I/opt/kioskd/include -I/opt/vc/include --sysroot=/ conftest.m >&5
gcc: error trying to exec 'cc1obj': execvp: No such file or directory
configure:11702: $? = 1
configure: failed program was:
| /* confdefs.h */
| #define PACKAGE_NAME ""
| #define PACKAGE_TARNAME ""
| #define PACKAGE_VERSION ""
| #define PACKAGE_STRING ""
| #define PACKAGE_BUGREPORT ""
| #define PACKAGE_URL ""
| #define STDC_HEADERS 1
| #define HAVE_SYS_TYPES_H 1
| #define HAVE_SYS_STAT_H 1
| #define HAVE_STDLIB_H 1
| #define HAVE_STRING_H 1
| #define HAVE_MEMORY_H 1
| #define HAVE_STRINGS_H 1
| #define HAVE_INTTYPES_H 1
| #define HAVE_STDINT_H 1
| #define HAVE_UNISTD_H 1
| #define HAVE_DLFCN_H 1
| #define LT_OBJDIR ".libs/"
| #define PACKAGE "SDL2_image"
| #define VERSION "2.0.0"
| /* end confdefs.h.  */
| 
| int
| main ()
| {
| 
|   ;
|   return 0;
| }
configure:11718: gcc -c -g -I/opt/kioskd/include -I/opt/vc/include --sysroot=/ conftest.m >&5
gcc: error trying to exec 'cc1obj': execvp: No such file or directory
configure:11718: $? = 1
configure: failed program was:
| /* confdefs.h */
| #define PACKAGE_NAME ""
| #define PACKAGE_TARNAME ""
| #define PACKAGE_VERSION ""
| #define PACKAGE_STRING ""
| #define PACKAGE_BUGREPORT ""
| #define PACKAGE_URL ""
| #define STDC_HEADERS 1
| #define HAVE_SYS_TYPES_H 1
| #define HAVE_SYS_STAT_H 1
| #define HAVE_STDLIB_H 1
| #define HAVE_STRING_H 1
| #define HAVE_MEMORY_H 1
| #define HAVE_STRINGS_H 1
| #define HAVE_INTTYPES_H 1
| #define HAVE_STDINT_H 1
| #define HAVE_UNISTD_H 1
| #define HAVE_DLFCN_H 1
| #define LT_OBJDIR ".libs/"
| #define PACKAGE "SDL2_image"
| #define VERSION "2.0.0"
| /* end confdefs.h.  */
| 
| int
| main ()
| {
| 
|   ;
|   return 0;
| }
configure:11728: result: no
configure:11753: checking dependency style of gcc
configure:11862: result: gcc3
configure:11877: checking for inline
configure:11893: /opt/xgcc/bin/arm-linux-gnueabihf-gcc -c -I/opt/kioskd/include -I/opt/vc/include --sysroot=/ -I/opt/kioskd/include -I/opt/vc/include --sysroot=/ conftest.c >&5
configure:11893: $? = 0
configure:11901: result: inline
configure:11920: checking whether make sets $(MAKE)
configure:11942: result: yes
configure:11960: checking for windres
configure:11990: result: no
configure:11960: checking for linux-gnueabi-windres
configure:11990: result: no
configure:12121: checking for pkg-config
configure:12139: found /usr/bin/pkg-config
configure:12151: result: /usr/bin/pkg-config
configure:12176: checking pkg-config is at least version 0.9.0
configure:12179: result: yes
configure:12217: checking for SDL
configure:12225: $PKG_CONFIG --exists --print-errors "sdl2 >= $min_sdl_version"
configure:12228: $? = 0
configure:12243: $PKG_CONFIG --exists --print-errors "sdl2 >= $min_sdl_version"
configure:12246: $? = 0
configure:12282: result: yes
configure:12653: checking for ImageIO support
configure:12655: result: 
configure:12659: checking jpeglib.h usability
configure:12659: /opt/xgcc/bin/arm-linux-gnueabihf-gcc -c -I/opt/kioskd/include -I/opt/vc/include --sysroot=/ -D_REENTRANT -I/opt/kioskd/include/SDL2   -I/opt/kioskd/include -I/opt/vc/include --sysroot=/ conftest.c >&5
configure:12659: $? = 0
configure:12659: result: yes
configure:12659: checking jpeglib.h presence
configure:12659: /opt/xgcc/bin/arm-linux-gnueabihf-cpp -I/opt/kioskd/include -I/opt/vc/include --sysroot=/ conftest.c
configure:12659: $? = 0
configure:12659: result: yes
configure:12659: checking for jpeglib.h
configure:12659: result: yes
configure:12665: checking for jpeg_CreateDecompress in -ljpeg
configure:12690: /opt/xgcc/bin/arm-linux-gnueabihf-gcc -o conftest -I/opt/kioskd/include -I/opt/vc/include --sysroot=/ -D_REENTRANT -I/opt/kioskd/include/SDL2   -I/opt/kioskd/include -I/opt/vc/include --sysroot=/ -L/opt/kioskd/lib -L/opt/vc/lib  -L/usr/lib/arm-linux-gnueabihf --sysroot=/ conftest.c -ljpeg   -Wl,-rpath,/opt/kioskd/lib -L/opt/kioskd/lib -lSDL2 -lpthread   >&5
configure:12690: $? = 0
configure:12699: result: yes
configure:12737: checking for LIBPNG
configure:12745: $PKG_CONFIG --exists --print-errors "libpng"
configure:12748: $? = 0
configure:12763: $PKG_CONFIG --exists --print-errors "libpng"
configure:12766: $? = 0
configure:12894: result: yes
configure:12928: checking tiffio.h usability
configure:12928: /opt/xgcc/bin/arm-linux-gnueabihf-gcc -c -I/opt/kioskd/include/libpng16   -I/opt/kioskd/include -I/opt/vc/include --sysroot=/ -D_REENTRANT -I/opt/kioskd/include/SDL2   -I/opt/kioskd/include -I/opt/vc/include --sysroot=/ conftest.c >&5
conftest.c:58:20: fatal error: tiffio.h: No such file or directory
 #include <tiffio.h>
                    ^
compilation terminated.
configure:12928: $? = 1
configure: failed program was:
| /* confdefs.h */
| #define PACKAGE_NAME ""
| #define PACKAGE_TARNAME ""
| #define PACKAGE_VERSION ""
| #define PACKAGE_STRING ""
| #define PACKAGE_BUGREPORT ""
| #define PACKAGE_URL ""
| #define STDC_HEADERS 1
| #define HAVE_SYS_TYPES_H 1
| #define HAVE_SYS_STAT_H 1
| #define HAVE_STDLIB_H 1
| #define HAVE_STRING_H 1
| #define HAVE_MEMORY_H 1
| #define HAVE_STRINGS_H 1
| #define HAVE_INTTYPES_H 1
| #define HAVE_STDINT_H 1
| #define HAVE_UNISTD_H 1
| #define HAVE_DLFCN_H 1
| #define LT_OBJDIR ".libs/"
| #define PACKAGE "SDL2_image"
| #define VERSION "2.0.0"
| #define LOAD_JPG 1
| #define LOAD_PNG 1
| /* end confdefs.h.  */
| #include <stdio.h>
| #ifdef HAVE_SYS_TYPES_H
| # include <sys/types.h>
| #endif
| #ifdef HAVE_SYS_STAT_H
| # include <sys/stat.h>
| #endif
| #ifdef STDC_HEADERS
| # include <stdlib.h>
| # include <stddef.h>
| #else
| # ifdef HAVE_STDLIB_H
| #  include <stdlib.h>
| # endif
| #endif
| #ifdef HAVE_STRING_H
| # if !defined STDC_HEADERS && defined HAVE_MEMORY_H
| #  include <memory.h>
| # endif
| # include <string.h>
| #endif
| #ifdef HAVE_STRINGS_H
| # include <strings.h>
| #endif
| #ifdef HAVE_INTTYPES_H
| # include <inttypes.h>
| #endif
| #ifdef HAVE_STDINT_H
| # include <stdint.h>
| #endif
| #ifdef HAVE_UNISTD_H
| # include <unistd.h>
| #endif
| #include <tiffio.h>
configure:12928: result: no
configure:12928: checking tiffio.h presence
configure:12928: /opt/xgcc/bin/arm-linux-gnueabihf-cpp -I/opt/kioskd/include -I/opt/vc/include --sysroot=/ conftest.c
conftest.c:25:20: fatal error: tiffio.h: No such file or directory
 #include <tiffio.h>
                    ^
compilation terminated.
configure:12928: $? = 1
configure: failed program was:
| /* confdefs.h */
| #define PACKAGE_NAME ""
| #define PACKAGE_TARNAME ""
| #define PACKAGE_VERSION ""
| #define PACKAGE_STRING ""
| #define PACKAGE_BUGREPORT ""
| #define PACKAGE_URL ""
| #define STDC_HEADERS 1
| #define HAVE_SYS_TYPES_H 1
| #define HAVE_SYS_STAT_H 1
| #define HAVE_STDLIB_H 1
| #define HAVE_STRING_H 1
| #define HAVE_MEMORY_H 1
| #define HAVE_STRINGS_H 1
| #define HAVE_INTTYPES_H 1
| #define HAVE_STDINT_H 1
| #define HAVE_UNISTD_H 1
| #define HAVE_DLFCN_H 1
| #define LT_OBJDIR ".libs/"
| #define PACKAGE "SDL2_image"
| #define VERSION "2.0.0"
| #define LOAD_JPG 1
| #define LOAD_PNG 1
| /* end confdefs.h.  */
| #include <tiffio.h>
configure:12928: result: no
configure:12928: checking for tiffio.h
configure:12928: result: no
configure:12934: checking for TIFFClientOpen in -ltiff
configure:12959: /opt/xgcc/bin/arm-linux-gnueabihf-gcc -o conftest -I/opt/kioskd/include/libpng16   -I/opt/kioskd/include -I/opt/vc/include --sysroot=/ -D_REENTRANT -I/opt/kioskd/include/SDL2   -I/opt/kioskd/include -I/opt/vc/include --sysroot=/ -L/opt/kioskd/lib -L/opt/vc/lib  -L/usr/lib/arm-linux-gnueabihf --sysroot=/ conftest.c -ltiff -lz -ljpeg  -Wl,-rpath,/opt/kioskd/lib -L/opt/kioskd/lib -lSDL2 -lpthread   >&5
/opt/xgcc/bin/../lib/gcc/arm-linux-gnueabihf/4.8.3/../../../../arm-linux-gnueabihf/bin/ld: cannot find -ltiff
collect2: error: ld returned 1 exit status
configure:12959: $? = 1
configure: failed program was:
| /* confdefs.h */
| #define PACKAGE_NAME ""
| #define PACKAGE_TARNAME ""
| #define PACKAGE_VERSION ""
| #define PACKAGE_STRING ""
| #define PACKAGE_BUGREPORT ""
| #define PACKAGE_URL ""
| #define STDC_HEADERS 1
| #define HAVE_SYS_TYPES_H 1
| #define HAVE_SYS_STAT_H 1
| #define HAVE_STDLIB_H 1
| #define HAVE_STRING_H 1
| #define HAVE_MEMORY_H 1
| #define HAVE_STRINGS_H 1
| #define HAVE_INTTYPES_H 1
| #define HAVE_STDINT_H 1
| #define HAVE_UNISTD_H 1
| #define HAVE_DLFCN_H 1
| #define LT_OBJDIR ".libs/"
| #define PACKAGE "SDL2_image"
| #define VERSION "2.0.0"
| #define LOAD_JPG 1
| #define LOAD_PNG 1
| /* end confdefs.h.  */
| 
| /* Override any GCC internal prototype to avoid an error.
|    Use char because int might match the return type of a GCC
|    builtin and then its argument prototype would still apply.  */
| #ifdef __cplusplus
| extern "C"
| #endif
| char TIFFClientOpen ();
| int
| main ()
| {
| return TIFFClientOpen ();
|   ;
|   return 0;
| }
configure:12968: result: no
configure:12993: WARNING: *** Unable to find Tiff library (http://www.remotesensing.org/libtiff/)
configure:12995: WARNING: TIF image loading disabled
configure:13003: checking for LIBWEBP
configure:13011: $PKG_CONFIG --exists --print-errors "libwebp"
Package libwebp was not found in the pkg-config search path.
Perhaps you should add the directory containing `libwebp.pc'
to the PKG_CONFIG_PATH environment variable
No package 'libwebp' found
configure:13014: $? = 1
configure:13029: $PKG_CONFIG --exists --print-errors "libwebp"
Package libwebp was not found in the pkg-config search path.
Perhaps you should add the directory containing `libwebp.pc'
to the PKG_CONFIG_PATH environment variable
No package 'libwebp' found
configure:13032: $? = 1
No package 'libwebp' found
configure:13060: result: no
configure:13062: checking webp/decode.h usability
configure:13062: /opt/xgcc/bin/arm-linux-gnueabihf-gcc -c -I/opt/kioskd/include/libpng16   -I/opt/kioskd/include -I/opt/vc/include --sysroot=/ -D_REENTRANT -I/opt/kioskd/include/SDL2   -I/opt/kioskd/include -I/opt/vc/include --sysroot=/ conftest.c >&5
conftest.c:58:25: fatal error: webp/decode.h: No such file or directory
 #include <webp/decode.h>
                         ^
compilation terminated.
configure:13062: $? = 1
configure: failed program was:
| /* confdefs.h */
| #define PACKAGE_NAME ""
| #define PACKAGE_TARNAME ""
| #define PACKAGE_VERSION ""
| #define PACKAGE_STRING ""
| #define PACKAGE_BUGREPORT ""
| #define PACKAGE_URL ""
| #define STDC_HEADERS 1
| #define HAVE_SYS_TYPES_H 1
| #define HAVE_SYS_STAT_H 1
| #define HAVE_STDLIB_H 1
| #define HAVE_STRING_H 1
| #define HAVE_MEMORY_H 1
| #define HAVE_STRINGS_H 1
| #define HAVE_INTTYPES_H 1
| #define HAVE_STDINT_H 1
| #define HAVE_UNISTD_H 1
| #define HAVE_DLFCN_H 1
| #define LT_OBJDIR ".libs/"
| #define PACKAGE "SDL2_image"
| #define VERSION "2.0.0"
| #define LOAD_JPG 1
| #define LOAD_PNG 1
| /* end confdefs.h.  */
| #include <stdio.h>
| #ifdef HAVE_SYS_TYPES_H
| # include <sys/types.h>
| #endif
| #ifdef HAVE_SYS_STAT_H
| # include <sys/stat.h>
| #endif
| #ifdef STDC_HEADERS
| # include <stdlib.h>
| # include <stddef.h>
| #else
| # ifdef HAVE_STDLIB_H
| #  include <stdlib.h>
| # endif
| #endif
| #ifdef HAVE_STRING_H
| # if !defined STDC_HEADERS && defined HAVE_MEMORY_H
| #  include <memory.h>
| # endif
| # include <string.h>
| #endif
| #ifdef HAVE_STRINGS_H
| # include <strings.h>
| #endif
| #ifdef HAVE_INTTYPES_H
| # include <inttypes.h>
| #endif
| #ifdef HAVE_STDINT_H
| # include <stdint.h>
| #endif
| #ifdef HAVE_UNISTD_H
| # include <unistd.h>
| #endif
| #include <webp/decode.h>
configure:13062: result: no
configure:13062: checking webp/decode.h presence
configure:13062: /opt/xgcc/bin/arm-linux-gnueabihf-cpp -I/opt/kioskd/include -I/opt/vc/include --sysroot=/ conftest.c
conftest.c:25:25: fatal error: webp/decode.h: No such file or directory
 #include <webp/decode.h>
                         ^
compilation terminated.
configure:13062: $? = 1
configure: failed program was:
| /* confdefs.h */
| #define PACKAGE_NAME ""
| #define PACKAGE_TARNAME ""
| #define PACKAGE_VERSION ""
| #define PACKAGE_STRING ""
| #define PACKAGE_BUGREPORT ""
| #define PACKAGE_URL ""
| #define STDC_HEADERS 1
| #define HAVE_SYS_TYPES_H 1
| #define HAVE_SYS_STAT_H 1
| #define HAVE_STDLIB_H 1
| #define HAVE_STRING_H 1
| #define HAVE_MEMORY_H 1
| #define HAVE_STRINGS_H 1
| #define HAVE_INTTYPES_H 1
| #define HAVE_STDINT_H 1
| #define HAVE_UNISTD_H 1
| #define HAVE_DLFCN_H 1
| #define LT_OBJDIR ".libs/"
| #define PACKAGE "SDL2_image"
| #define VERSION "2.0.0"
| #define LOAD_JPG 1
| #define LOAD_PNG 1
| /* end confdefs.h.  */
| #include <webp/decode.h>
configure:13062: result: no
configure:13062: checking for webp/decode.h
configure:13062: result: no
configure:13068: checking for WebPGetDecoderVersion in -lwebp
configure:13093: /opt/xgcc/bin/arm-linux-gnueabihf-gcc -o conftest -I/opt/kioskd/include/libpng16   -I/opt/kioskd/include -I/opt/vc/include --sysroot=/ -D_REENTRANT -I/opt/kioskd/include/SDL2   -I/opt/kioskd/include -I/opt/vc/include --sysroot=/ -L/opt/kioskd/lib -L/opt/vc/lib  -L/usr/lib/arm-linux-gnueabihf --sysroot=/ conftest.c -lwebp -lm -ljpeg  -Wl,-rpath,/opt/kioskd/lib -L/opt/kioskd/lib -lSDL2 -lpthread   >&5
/opt/xgcc/bin/../lib/gcc/arm-linux-gnueabihf/4.8.3/../../../../arm-linux-gnueabihf/bin/ld: cannot find -lwebp
collect2: error: ld returned 1 exit status
configure:13093: $? = 1
configure: failed program was:
| /* confdefs.h */
| #define PACKAGE_NAME ""
| #define PACKAGE_TARNAME ""
| #define PACKAGE_VERSION ""
| #define PACKAGE_STRING ""
| #define PACKAGE_BUGREPORT ""
| #define PACKAGE_URL ""
| #define STDC_HEADERS 1
| #define HAVE_SYS_TYPES_H 1
| #define HAVE_SYS_STAT_H 1
| #define HAVE_STDLIB_H 1
| #define HAVE_STRING_H 1
| #define HAVE_MEMORY_H 1
| #define HAVE_STRINGS_H 1
| #define HAVE_INTTYPES_H 1
| #define HAVE_STDINT_H 1
| #define HAVE_UNISTD_H 1
| #define HAVE_DLFCN_H 1
| #define LT_OBJDIR ".libs/"
| #define PACKAGE "SDL2_image"
| #define VERSION "2.0.0"
| #define LOAD_JPG 1
| #define LOAD_PNG 1
| /* end confdefs.h.  */
| 
| /* Override any GCC internal prototype to avoid an error.
|    Use char because int might match the return type of a GCC
|    builtin and then its argument prototype would still apply.  */
| #ifdef __cplusplus
| extern "C"
| #endif
| char WebPGetDecoderVersion ();
| int
| main ()
| {
| return WebPGetDecoderVersion ();
|   ;
|   return 0;
| }
configure:13102: result: no
configure:13186: WARNING: *** Unable to find WEBP library (http://code.google.com/intl/en-US/speed/webp/index.html)
configure:13188: WARNING: WEBP Pimage loading disabled
configure:13443: checking that generated files are newer than configure
configure:13449: result: done
configure:13484: creating ./config.status

## ---------------------- ##
## Running config.status. ##
## ---------------------- ##

This file was extended by config.status, which was
generated by GNU Autoconf 2.69.  Invocation command line was

  CONFIG_FILES    = 
  CONFIG_HEADERS  = 
  CONFIG_LINKS    = 
  CONFIG_COMMANDS = 
  $ ./config.status 

on lithium.r2zer0.net

config.status:1024: creating Makefile
config.status:1024: creating SDL2_image.spec
config.status:1024: creating SDL2_image.pc
config.status:1196: executing libtool commands
config.status:1196: executing depfiles commands

## ---------------- ##
## Cache variables. ##
## ---------------- ##

ac_cv_build=armv6l-unknown-linux-gnueabi
ac_cv_c_compiler_gnu=yes
ac_cv_c_inline=inline
ac_cv_env_CC_set=set
ac_cv_env_CC_value=/opt/xgcc/bin/arm-linux-gnueabihf-gcc
ac_cv_env_CFLAGS_set=set
ac_cv_env_CFLAGS_value='-I/opt/kioskd/include -I/opt/vc/include --sysroot=/'
ac_cv_env_CPPFLAGS_set=set
ac_cv_env_CPPFLAGS_value='-I/opt/kioskd/include -I/opt/vc/include --sysroot=/'
ac_cv_env_CPP_set=set
ac_cv_env_CPP_value=/opt/xgcc/bin/arm-linux-gnueabihf-cpp
ac_cv_env_LDFLAGS_set=set
ac_cv_env_LDFLAGS_value='-L/opt/kioskd/lib -L/opt/vc/lib  -L/usr/lib/arm-linux-gnueabihf --sysroot=/'
ac_cv_env_LIBPNG_CFLAGS_set=
ac_cv_env_LIBPNG_CFLAGS_value=
ac_cv_env_LIBPNG_LIBS_set=
ac_cv_env_LIBPNG_LIBS_value=
ac_cv_env_LIBS_set=
ac_cv_env_LIBS_value=
ac_cv_env_LIBWEBP_CFLAGS_set=
ac_cv_env_LIBWEBP_CFLAGS_value=
ac_cv_env_LIBWEBP_LIBS_set=
ac_cv_env_LIBWEBP_LIBS_value=
ac_cv_env_OBJCFLAGS_set=
ac_cv_env_OBJCFLAGS_value=
ac_cv_env_OBJC_set=
ac_cv_env_OBJC_value=
ac_cv_env_PKG_CONFIG_set=
ac_cv_env_PKG_CONFIG_value=
ac_cv_env_SDL_CFLAGS_set=
ac_cv_env_SDL_CFLAGS_value=
ac_cv_env_SDL_LIBS_set=
ac_cv_env_SDL_LIBS_value=
ac_cv_env_build_alias_set=
ac_cv_env_build_alias_value=
ac_cv_env_host_alias_set=
ac_cv_env_host_alias_value=
ac_cv_env_target_alias_set=
ac_cv_env_target_alias_value=
ac_cv_header_dlfcn_h=yes
ac_cv_header_inttypes_h=yes
ac_cv_header_jpeglib_h=yes
ac_cv_header_memory_h=yes
ac_cv_header_stdc=yes
ac_cv_header_stdint_h=yes
ac_cv_header_stdlib_h=yes
ac_cv_header_string_h=yes
ac_cv_header_strings_h=yes
ac_cv_header_sys_stat_h=yes
ac_cv_header_sys_types_h=yes
ac_cv_header_tiffio_h=no
ac_cv_header_unistd_h=yes
ac_cv_header_webp_decode_h=no
ac_cv_host=armv6l-unknown-linux-gnueabi
ac_cv_lib_jpeg_jpeg_CreateDecompress=yes
ac_cv_lib_tiff_TIFFClientOpen=no
ac_cv_lib_webp_WebPGetDecoderVersion=no
ac_cv_objc_compiler_gnu=no
ac_cv_objext=o
ac_cv_path_EGREP='/bin/grep -E'
ac_cv_path_FGREP='/bin/grep -F'
ac_cv_path_GREP=/bin/grep
ac_cv_path_SED=/bin/sed
ac_cv_path_ac_pt_PKG_CONFIG=/usr/bin/pkg-config
ac_cv_path_install='/usr/bin/install -c'
ac_cv_path_mkdir=/bin/mkdir
ac_cv_prog_AWK=mawk
ac_cv_prog_CPP=/opt/xgcc/bin/arm-linux-gnueabihf-cpp
ac_cv_prog_ac_ct_AR=ar
ac_cv_prog_ac_ct_CC=/opt/xgcc/bin/arm-linux-gnueabihf-gcc
ac_cv_prog_ac_ct_OBJC=gcc
ac_cv_prog_ac_ct_OBJDUMP=objdump
ac_cv_prog_ac_ct_RANLIB=ranlib
ac_cv_prog_ac_ct_STRIP=strip
ac_cv_prog_cc_c89=
ac_cv_prog_cc_g=yes
ac_cv_prog_make_make_set=yes
ac_cv_prog_objc_g=no
am_cv_CC_dependencies_compiler_type=gcc3
am_cv_OBJC_dependencies_compiler_type=gcc3
am_cv_make_support_nested_variables=yes
lt_cv_deplibs_check_method=pass_all
lt_cv_file_magic_cmd='$MAGIC_CMD'
lt_cv_file_magic_test_file=
lt_cv_ld_reload_flag=-r
lt_cv_nm_interface='BSD nm'
lt_cv_objdir=.libs
lt_cv_path_LD=/opt/xgcc/arm-linux-gnueabihf/bin/ld
lt_cv_path_NM='/usr/bin/nm -B'
lt_cv_prog_compiler_c_o=yes
lt_cv_prog_compiler_pic_works=yes
lt_cv_prog_compiler_rtti_exceptions=no
lt_cv_prog_compiler_static_works=yes
lt_cv_prog_gnu_ld=yes
lt_cv_sys_global_symbol_pipe='sed -n -e '\''s/^.*[	 ]\([ABCDGIRSTW][ABCDGIRSTW]*\)[	 ][	 ]*\([_A-Za-z][_A-Za-z0-9]*\)$/\1 \2 \2/p'\'''
lt_cv_sys_global_symbol_to_c_name_address='sed -n -e '\''s/^: \([^ ]*\) $/  {\"\1\", (void *) 0},/p'\'' -e '\''s/^[ABCDGIRSTW]* \([^ ]*\) \([^ ]*\)$/  {"\2", (void *) \&\2},/p'\'''
lt_cv_sys_global_symbol_to_c_name_address_lib_prefix='sed -n -e '\''s/^: \([^ ]*\) $/  {\"\1\", (void *) 0},/p'\'' -e '\''s/^[ABCDGIRSTW]* \([^ ]*\) \(lib[^ ]*\)$/  {"\2", (void *) \&\2},/p'\'' -e '\''s/^[ABCDGIRSTW]* \([^ ]*\) \([^ ]*\)$/  {"lib\2", (void *) \&\2},/p'\'''
lt_cv_sys_global_symbol_to_cdecl='sed -n -e '\''s/^T .* \(.*\)$/extern int \1();/p'\'' -e '\''s/^[ABCDGIRSTW]* .* \(.*\)$/extern char \1;/p'\'''
lt_cv_sys_max_cmd_len=1572864
pkg_cv_LIBPNG_CFLAGS='-I/opt/kioskd/include/libpng16  '
pkg_cv_LIBPNG_LIBS='-L/opt/kioskd/lib -lpng16  '
pkg_cv_SDL_CFLAGS='-D_REENTRANT -I/opt/kioskd/include/SDL2  '
pkg_cv_SDL_LIBS='-Wl,-rpath,/opt/kioskd/lib -L/opt/kioskd/lib -lSDL2 -lpthread  '

## ----------------- ##
## Output variables. ##
## ----------------- ##

ACLOCAL='${SHELL} /root/kioskd-libs/SDL2_image-2.0.0/missing aclocal-1.13'
AMDEPBACKSLASH='\'
AMDEP_FALSE='#'
AMDEP_TRUE=''
AMTAR='$${TAR-tar}'
AM_BACKSLASH='\'
AM_DEFAULT_V='$(AM_DEFAULT_VERBOSITY)'
AM_DEFAULT_VERBOSITY='1'
AM_V='$(V)'
AR='ar'
AS='as'
AUTOCONF='${SHELL} /root/kioskd-libs/SDL2_image-2.0.0/missing autoconf'
AUTOHEADER='${SHELL} /root/kioskd-libs/SDL2_image-2.0.0/missing autoheader'
AUTOMAKE='${SHELL} /root/kioskd-libs/SDL2_image-2.0.0/missing automake-1.13'
AWK='mawk'
BINARY_AGE='0'
CC='/opt/xgcc/bin/arm-linux-gnueabihf-gcc'
CCDEPMODE='depmode=gcc3'
CFLAGS='-I/opt/kioskd/include/libpng16   -I/opt/kioskd/include -I/opt/vc/include --sysroot=/ -D_REENTRANT -I/opt/kioskd/include/SDL2  '
CPP='/opt/xgcc/bin/arm-linux-gnueabihf-cpp'
CPPFLAGS='-I/opt/kioskd/include -I/opt/vc/include --sysroot=/'
CYGPATH_W='echo'
DEFS='-DPACKAGE_NAME=\"\" -DPACKAGE_TARNAME=\"\" -DPACKAGE_VERSION=\"\" -DPACKAGE_STRING=\"\" -DPACKAGE_BUGREPORT=\"\" -DPACKAGE_URL=\"\" -DSTDC_HEADERS=1 -DHAVE_SYS_TYPES_H=1 -DHAVE_SYS_STAT_H=1 -DHAVE_STDLIB_H=1 -DHAVE_STRING_H=1 -DHAVE_MEMORY_H=1 -DHAVE_STRINGS_H=1 -DHAVE_INTTYPES_H=1 -DHAVE_STDINT_H=1 -DHAVE_UNISTD_H=1 -DHAVE_DLFCN_H=1 -DLT_OBJDIR=\".libs/\" -DPACKAGE=\"SDL2_image\" -DVERSION=\"2.0.0\" -DLOAD_JPG=1 -DLOAD_PNG=1 -DLOAD_BMP=1 -DLOAD_GIF=1 -DLOAD_LBM=1 -DLOAD_PCX=1 -DLOAD_PNM=1 -DLOAD_TGA=1 -DLOAD_XCF=1 -DLOAD_XPM=1 -DLOAD_XV=1 -DLOAD_JPG_DYNAMIC=\"libjpeg.so.9\" -DLOAD_PNG_DYNAMIC=\"libpng16.so.16\"'
DEPDIR='.deps'
DLLTOOL='dlltool'
DSYMUTIL=''
DUMPBIN=''
ECHO_C=''
ECHO_N='-n'
ECHO_T=''
EGREP='/bin/grep -E'
EXEEXT=''
FGREP='/bin/grep -F'
GREP='/bin/grep'
IMG_LIBS=''
INSTALL_DATA='${INSTALL} -m 644'
INSTALL_PROGRAM='${INSTALL}'
INSTALL_SCRIPT='${INSTALL}'
INSTALL_STRIP_PROGRAM='$(install_sh) -c -s'
INTERFACE_AGE='0'
LD='/opt/xgcc/arm-linux-gnueabihf/bin/ld'
LDFLAGS='-L/opt/kioskd/lib -L/opt/vc/lib  -L/usr/lib/arm-linux-gnueabihf --sysroot=/'
LIBOBJS=''
LIBPNG_CFLAGS='-I/opt/kioskd/include/libpng16  '
LIBPNG_LIBS='-L/opt/kioskd/lib -lpng16  '
LIBS=' -Wl,-rpath,/opt/kioskd/lib -L/opt/kioskd/lib -lSDL2 -lpthread  '
LIBTOOL='$(SHELL) $(top_builddir)/libtool'
LIBWEBP_CFLAGS=''
LIBWEBP_LIBS=''
LIPO=''
LN_S='ln -s'
LTLIBOBJS=''
LT_AGE='0'
LT_CURRENT='0'
LT_RELEASE='2.0'
LT_REVISION='0'
MAJOR_VERSION='2'
MAKEINFO='${SHELL} /root/kioskd-libs/SDL2_image-2.0.0/missing makeinfo'
MICRO_VERSION='0'
MINOR_VERSION='0'
MKDIR_P='/bin/mkdir -p'
NM='/usr/bin/nm -B'
NMEDIT=''
OBJC='gcc'
OBJCDEPMODE='depmode=gcc3'
OBJCFLAGS='-I/opt/kioskd/include/libpng16   -I/opt/kioskd/include -I/opt/vc/include --sysroot=/ -D_REENTRANT -I/opt/kioskd/include/SDL2  '
OBJDUMP='objdump'
OBJEXT='o'
OTOOL64=''
OTOOL=''
PACKAGE='SDL2_image'
PACKAGE_BUGREPORT=''
PACKAGE_NAME=''
PACKAGE_STRING=''
PACKAGE_TARNAME=''
PACKAGE_URL=''
PACKAGE_VERSION=''
PATH_SEPARATOR=':'
PKG_CONFIG='/usr/bin/pkg-config'
RANLIB='ranlib'
SDL2_CONFIG='pkg-config sdl2'
SDL_CFLAGS='-D_REENTRANT -I/opt/kioskd/include/SDL2  '
SDL_LIBS='-Wl,-rpath,/opt/kioskd/lib -L/opt/kioskd/lib -lSDL2 -lpthread  '
SDL_VERSION='2.0.0'
SED='/bin/sed'
SET_MAKE=''
SHELL='/bin/bash'
STRIP='strip'
USE_IMAGEIO_FALSE=''
USE_IMAGEIO_TRUE='#'
USE_VERSION_RC_FALSE=''
USE_VERSION_RC_TRUE='#'
VERSION='2.0.0'
WINDRES=''
ac_ct_CC='/opt/xgcc/bin/arm-linux-gnueabihf-gcc'
ac_ct_DUMPBIN=''
ac_ct_OBJC='gcc'
am__EXEEXT_FALSE=''
am__EXEEXT_TRUE='#'
am__fastdepCC_FALSE='#'
am__fastdepCC_TRUE=''
am__fastdepOBJC_FALSE='#'
am__fastdepOBJC_TRUE=''
am__include='include'
am__isrc=''
am__leading_dot='.'
am__nodep='_no'
am__quote=''
am__tar='$${TAR-tar} chof - "$$tardir"'
am__untar='$${TAR-tar} xf -'
bindir='${exec_prefix}/bin'
build='armv6l-unknown-linux-gnueabi'
build_alias=''
build_cpu='armv6l'
build_os='linux-gnueabi'
build_vendor='unknown'
datadir='${datarootdir}'
datarootdir='${prefix}/share'
docdir='${datarootdir}/doc/${PACKAGE}'
dvidir='${docdir}'
exec_prefix='${prefix}'
host='armv6l-unknown-linux-gnueabi'
host_alias=''
host_cpu='armv6l'
host_os='linux-gnueabi'
host_vendor='unknown'
htmldir='${docdir}'
includedir='${prefix}/include'
infodir='${datarootdir}/info'
install_sh='${SHELL} /root/kioskd-libs/SDL2_image-2.0.0/install-sh'
libdir='${exec_prefix}/lib'
libexecdir='${exec_prefix}/libexec'
localedir='${datarootdir}/locale'
localstatedir='${prefix}/var'
lt_ECHO='echo'
mandir='${datarootdir}/man'
mkdir_p='$(MKDIR_P)'
oldincludedir='/usr/include'
pdfdir='${docdir}'
prefix='/opt/kioskd'
program_transform_name='s,x,x,'
psdir='${docdir}'
sbindir='${exec_prefix}/sbin'
sharedstatedir='${prefix}/com'
sysconfdir='${prefix}/etc'
target_alias=''

## ----------- ##
## confdefs.h. ##
## ----------- ##

/* confdefs.h */
#define PACKAGE_NAME ""
#define PACKAGE_TARNAME ""
#define PACKAGE_VERSION ""
#define PACKAGE_STRING ""
#define PACKAGE_BUGREPORT ""
#define PACKAGE_URL ""
#define STDC_HEADERS 1
#define HAVE_SYS_TYPES_H 1
#define HAVE_SYS_STAT_H 1
#define HAVE_STDLIB_H 1
#define HAVE_STRING_H 1
#define HAVE_MEMORY_H 1
#define HAVE_STRINGS_H 1
#define HAVE_INTTYPES_H 1
#define HAVE_STDINT_H 1
#define HAVE_UNISTD_H 1
#define HAVE_DLFCN_H 1
#define LT_OBJDIR ".libs/"
#define PACKAGE "SDL2_image"
#define VERSION "2.0.0"
#define LOAD_JPG 1
#define LOAD_PNG 1
#define LOAD_BMP 1
#define LOAD_GIF 1
#define LOAD_LBM 1
#define LOAD_PCX 1
#define LOAD_PNM 1
#define LOAD_TGA 1
#define LOAD_XCF 1
#define LOAD_XPM 1
#define LOAD_XV 1
#define LOAD_JPG_DYNAMIC "libjpeg.so.9"
#define LOAD_PNG_DYNAMIC "libpng16.so.16"

configure: exit 0
