The system is: Linux - 3.16.2-200.fc20.x86_64 - armv6l
Compiling the C compiler identification source file "CMakeCCompilerId.c" succeeded.
Compiler: /opt/xgcc/bin/arm-linux-gnueabihf-gcc 
Build flags: -I/opt/kioskd/include;-I/opt/vc/include;-I/opt/vc/include/interface/vcos/pthreads;-I/opt/vc/include/interface/vmcs_host/linux;--sysroot=/
Id flags: 

The output was:
0


Compilation of the C compiler identification source "CMakeCCompilerId.c" produced "a.out"

The C compiler identification is GNU, found in "/root/kioskd-build/build/CMakeFiles/CompilerIdC/a.out"

Compiling the CXX compiler identification source file "CMakeCXXCompilerId.cpp" succeeded.
Compiler: /opt/xgcc/bin/arm-linux-gnueabihf-g++ 
Build flags: 
Id flags: 

The output was:
0


Compilation of the CXX compiler identification source "CMakeCXXCompilerId.cpp" produced "a.out"

The CXX compiler identification is GNU, found in "/root/kioskd-build/build/CMakeFiles/CompilerIdCXX/a.out"

Determining if the C compiler works passed with the following output:
Change Dir: /root/kioskd-build/build/CMakeFiles/CMakeTmp

Run Build Command:/usr/bin/make "cmTryCompileExec2698171690/fast"
/usr/bin/make -f CMakeFiles/cmTryCompileExec2698171690.dir/build.make CMakeFiles/cmTryCompileExec2698171690.dir/build
make[1]: Entering directory `/root/kioskd-build/build/CMakeFiles/CMakeTmp'
/usr/bin/cmake -E cmake_progress_report /root/kioskd-build/build/CMakeFiles/CMakeTmp/CMakeFiles 1
Building C object CMakeFiles/cmTryCompileExec2698171690.dir/testCCompiler.c.o
/opt/xgcc/bin/arm-linux-gnueabihf-gcc   -I/opt/kioskd/include -I/opt/vc/include -I/opt/vc/include/interface/vcos/pthreads -I/opt/vc/include/interface/vmcs_host/linux --sysroot=/      -o CMakeFiles/cmTryCompileExec2698171690.dir/testCCompiler.c.o   -c /root/kioskd-build/build/CMakeFiles/CMakeTmp/testCCompiler.c
Linking C executable cmTryCompileExec2698171690
/usr/bin/cmake -E cmake_link_script CMakeFiles/cmTryCompileExec2698171690.dir/link.txt --verbose=1
/opt/xgcc/bin/arm-linux-gnueabihf-gcc   -I/opt/kioskd/include -I/opt/vc/include -I/opt/vc/include/interface/vcos/pthreads -I/opt/vc/include/interface/vmcs_host/linux --sysroot=/      -L/opt/kioskd/lib -L/opt/vc/lib  -L/usr/lib/arm-linux-gnueabihf --sysroot=/ CMakeFiles/cmTryCompileExec2698171690.dir/testCCompiler.c.o  -o cmTryCompileExec2698171690 -rdynamic 
make[1]: Leaving directory `/root/kioskd-build/build/CMakeFiles/CMakeTmp'


Detecting C compiler ABI info compiled with the following output:
Change Dir: /root/kioskd-build/build/CMakeFiles/CMakeTmp

Run Build Command:/usr/bin/make "cmTryCompileExec2240656024/fast"
/usr/bin/make -f CMakeFiles/cmTryCompileExec2240656024.dir/build.make CMakeFiles/cmTryCompileExec2240656024.dir/build
make[1]: Entering directory `/root/kioskd-build/build/CMakeFiles/CMakeTmp'
/usr/bin/cmake -E cmake_progress_report /root/kioskd-build/build/CMakeFiles/CMakeTmp/CMakeFiles 1
Building C object CMakeFiles/cmTryCompileExec2240656024.dir/CMakeCCompilerABI.c.o
/opt/xgcc/bin/arm-linux-gnueabihf-gcc   -I/opt/kioskd/include -I/opt/vc/include -I/opt/vc/include/interface/vcos/pthreads -I/opt/vc/include/interface/vmcs_host/linux --sysroot=/      -o CMakeFiles/cmTryCompileExec2240656024.dir/CMakeCCompilerABI.c.o   -c /usr/share/cmake-2.8/Modules/CMakeCCompilerABI.c
Linking C executable cmTryCompileExec2240656024
/usr/bin/cmake -E cmake_link_script CMakeFiles/cmTryCompileExec2240656024.dir/link.txt --verbose=1
/opt/xgcc/bin/arm-linux-gnueabihf-gcc   -I/opt/kioskd/include -I/opt/vc/include -I/opt/vc/include/interface/vcos/pthreads -I/opt/vc/include/interface/vmcs_host/linux --sysroot=/     -v CMakeFiles/cmTryCompileExec2240656024.dir/CMakeCCompilerABI.c.o  -o cmTryCompileExec2240656024 -rdynamic  
Using built-in specs.
COLLECT_GCC=/opt/xgcc/bin/arm-linux-gnueabihf-gcc
COLLECT_LTO_WRAPPER=/opt/xgcc/bin/../libexec/gcc/arm-linux-gnueabihf/4.8.3/lto-wrapper
Target: arm-linux-gnueabihf
Configured with: /home/zhehe01/work/bzr/pi-build/builds/arm-linux-gnueabihf-raspbian-linux/.build/src/gcc-linaro-4.8-2014.03/configure --build=x86_64-build_unknown-linux-gnu --host=x86_64-build_unknown-linux-gnu --target=arm-linux-gnueabihf --prefix=/home/zhehe01/work/bzr/pi-build/builds/arm-linux-gnueabihf-raspbian-linux/install --with-sysroot=/home/zhehe01/work/bzr/pi-build/builds/arm-linux-gnueabihf-raspbian-linux/install/arm-linux-gnueabihf/libc --enable-languages=c,c++,fortran --disable-multilib --enable-multiarch --with-arch=armv6 --with-tune=arm1176jz-s --with-fpu=vfp --with-float=hard --with-pkgversion='crosstool-NG linaro-1.13.1+bzr2650 - Linaro GCC 2014.03' --with-bugurl=https://bugs.launchpad.net/gcc-linaro --enable-__cxa_atexit --enable-libmudflap --enable-libgomp --enable-libssp --with-gmp=/home/zhehe01/work/bzr/pi-build/builds/arm-linux-gnueabihf-raspbian-linux/.build/arm-linux-gnueabihf/build/static --with-mpfr=/home/zhehe01/work/bzr/pi-build/builds/arm-linux-gnueabihf-raspbian-linux/.build/arm-linux-gnueabihf/build/static --with-mpc=/home/zhehe01/work/bzr/pi-build/builds/arm-linux-gnueabihf-raspbian-linux/.build/arm-linux-gnueabihf/build/static --with-isl=/home/zhehe01/work/bzr/pi-build/builds/arm-linux-gnueabihf-raspbian-linux/.build/arm-linux-gnueabihf/build/static --with-cloog=/home/zhehe01/work/bzr/pi-build/builds/arm-linux-gnueabihf-raspbian-linux/.build/arm-linux-gnueabihf/build/static --with-libelf=/home/zhehe01/work/bzr/pi-build/builds/arm-linux-gnueabihf-raspbian-linux/.build/arm-linux-gnueabihf/build/static --enable-threads=posix --disable-libstdcxx-pch --enable-linker-build-id --enable-plugin --enable-gold --with-local-prefix=/home/zhehe01/work/bzr/pi-build/builds/arm-linux-gnueabihf-raspbian-linux/install/arm-linux-gnueabihf/libc --enable-c99 --enable-long-long --with-float=hard
Thread model: posix
gcc version 4.8.3 20140303 (prerelease) (crosstool-NG linaro-1.13.1+bzr2650 - Linaro GCC 2014.03) 
COMPILER_PATH=/opt/xgcc/bin/../libexec/gcc/arm-linux-gnueabihf/4.8.3/:/opt/xgcc/bin/../libexec/gcc/arm-linux-gnueabihf/:/opt/xgcc/bin/../libexec/gcc/:/opt/xgcc/bin/../libexec/gcc/arm-linux-gnueabihf/:/opt/xgcc/bin/../lib/gcc/arm-linux-gnueabihf/4.8.3/../../../../arm-linux-gnueabihf/bin/
LIBRARY_PATH=/opt/xgcc/bin/../lib/gcc/arm-linux-gnueabihf/4.8.3/:/opt/xgcc/bin/../lib/gcc/arm-linux-gnueabihf/:/opt/xgcc/bin/../lib/gcc/:/opt/xgcc/bin/../lib/gcc/arm-linux-gnueabihf/:/opt/xgcc/bin/../lib/gcc/arm-linux-gnueabihf/4.8.3/../../../../arm-linux-gnueabihf/lib/:/lib/arm-linux-gnueabihf/:/lib/:/lib/arm-linux-gnueabihf/:/usr/lib/arm-linux-gnueabihf/:/usr/lib/:/usr/lib/arm-linux-gnueabihf/
COLLECT_GCC_OPTIONS='-I' '/opt/kioskd/include' '-I' '/opt/vc/include' '-I' '/opt/vc/include/interface/vcos/pthreads' '-I' '/opt/vc/include/interface/vmcs_host/linux' '-v' '-o' 'cmTryCompileExec2240656024' '-rdynamic' '-march=armv6' '-mtune=arm1176jz-s' '-mfloat-abi=hard' '-mfpu=vfp' '-mtls-dialect=gnu'
 /opt/xgcc/bin/../libexec/gcc/arm-linux-gnueabihf/4.8.3/collect2 --sysroot=/ --build-id --eh-frame-hdr -export-dynamic -dynamic-linker /lib/ld-linux-armhf.so.3 -X -m armelf_linux_eabi -o cmTryCompileExec2240656024 /usr/lib/arm-linux-gnueabihf/crt1.o /usr/lib/arm-linux-gnueabihf/crti.o /opt/xgcc/bin/../lib/gcc/arm-linux-gnueabihf/4.8.3/crtbegin.o -L/opt/xgcc/bin/../lib/gcc/arm-linux-gnueabihf/4.8.3 -L/opt/xgcc/bin/../lib/gcc/arm-linux-gnueabihf -L/opt/xgcc/bin/../lib/gcc -L/opt/xgcc/bin/../lib/gcc/arm-linux-gnueabihf -L/opt/xgcc/bin/../lib/gcc/arm-linux-gnueabihf/4.8.3/../../../../arm-linux-gnueabihf/lib -L/lib/arm-linux-gnueabihf -L/lib/arm-linux-gnueabihf -L/usr/lib/arm-linux-gnueabihf -L/usr/lib/arm-linux-gnueabihf CMakeFiles/cmTryCompileExec2240656024.dir/CMakeCCompilerABI.c.o -lgcc --as-needed -lgcc_s --no-as-needed -lc -lgcc --as-needed -lgcc_s --no-as-needed /opt/xgcc/bin/../lib/gcc/arm-linux-gnueabihf/4.8.3/crtend.o /usr/lib/arm-linux-gnueabihf/crtn.o
make[1]: Leaving directory `/root/kioskd-build/build/CMakeFiles/CMakeTmp'


Parsed C implicit link information from above output:
  link line regex: [^( *|.*[/\])(ld|ld|collect2)[^/\]*( |$)]
  ignore line: [Change Dir: /root/kioskd-build/build/CMakeFiles/CMakeTmp]
  ignore line: []
  ignore line: [Run Build Command:/usr/bin/make "cmTryCompileExec2240656024/fast"]
  ignore line: [/usr/bin/make -f CMakeFiles/cmTryCompileExec2240656024.dir/build.make CMakeFiles/cmTryCompileExec2240656024.dir/build]
  ignore line: [make[1]: Entering directory `/root/kioskd-build/build/CMakeFiles/CMakeTmp']
  ignore line: [/usr/bin/cmake -E cmake_progress_report /root/kioskd-build/build/CMakeFiles/CMakeTmp/CMakeFiles 1]
  ignore line: [Building C object CMakeFiles/cmTryCompileExec2240656024.dir/CMakeCCompilerABI.c.o]
  ignore line: [/opt/xgcc/bin/arm-linux-gnueabihf-gcc   -I/opt/kioskd/include -I/opt/vc/include -I/opt/vc/include/interface/vcos/pthreads -I/opt/vc/include/interface/vmcs_host/linux --sysroot=/      -o CMakeFiles/cmTryCompileExec2240656024.dir/CMakeCCompilerABI.c.o   -c /usr/share/cmake-2.8/Modules/CMakeCCompilerABI.c]
  ignore line: [Linking C executable cmTryCompileExec2240656024]
  ignore line: [/usr/bin/cmake -E cmake_link_script CMakeFiles/cmTryCompileExec2240656024.dir/link.txt --verbose=1]
  ignore line: [/opt/xgcc/bin/arm-linux-gnueabihf-gcc   -I/opt/kioskd/include -I/opt/vc/include -I/opt/vc/include/interface/vcos/pthreads -I/opt/vc/include/interface/vmcs_host/linux --sysroot=/     -v CMakeFiles/cmTryCompileExec2240656024.dir/CMakeCCompilerABI.c.o  -o cmTryCompileExec2240656024 -rdynamic  ]
  ignore line: [Using built-in specs.]
  ignore line: [COLLECT_GCC=/opt/xgcc/bin/arm-linux-gnueabihf-gcc]
  ignore line: [COLLECT_LTO_WRAPPER=/opt/xgcc/bin/../libexec/gcc/arm-linux-gnueabihf/4.8.3/lto-wrapper]
  ignore line: [Target: arm-linux-gnueabihf]
  ignore line: [Configured with: /home/zhehe01/work/bzr/pi-build/builds/arm-linux-gnueabihf-raspbian-linux/.build/src/gcc-linaro-4.8-2014.03/configure --build=x86_64-build_unknown-linux-gnu --host=x86_64-build_unknown-linux-gnu --target=arm-linux-gnueabihf --prefix=/home/zhehe01/work/bzr/pi-build/builds/arm-linux-gnueabihf-raspbian-linux/install --with-sysroot=/home/zhehe01/work/bzr/pi-build/builds/arm-linux-gnueabihf-raspbian-linux/install/arm-linux-gnueabihf/libc --enable-languages=c,c++,fortran --disable-multilib --enable-multiarch --with-arch=armv6 --with-tune=arm1176jz-s --with-fpu=vfp --with-float=hard --with-pkgversion='crosstool-NG linaro-1.13.1+bzr2650 - Linaro GCC 2014.03' --with-bugurl=https://bugs.launchpad.net/gcc-linaro --enable-__cxa_atexit --enable-libmudflap --enable-libgomp --enable-libssp --with-gmp=/home/zhehe01/work/bzr/pi-build/builds/arm-linux-gnueabihf-raspbian-linux/.build/arm-linux-gnueabihf/build/static --with-mpfr=/home/zhehe01/work/bzr/pi-build/builds/arm-linux-gnueabihf-raspbian-linux/.build/arm-linux-gnueabihf/build/static --with-mpc=/home/zhehe01/work/bzr/pi-build/builds/arm-linux-gnueabihf-raspbian-linux/.build/arm-linux-gnueabihf/build/static --with-isl=/home/zhehe01/work/bzr/pi-build/builds/arm-linux-gnueabihf-raspbian-linux/.build/arm-linux-gnueabihf/build/static --with-cloog=/home/zhehe01/work/bzr/pi-build/builds/arm-linux-gnueabihf-raspbian-linux/.build/arm-linux-gnueabihf/build/static --with-libelf=/home/zhehe01/work/bzr/pi-build/builds/arm-linux-gnueabihf-raspbian-linux/.build/arm-linux-gnueabihf/build/static --enable-threads=posix --disable-libstdcxx-pch --enable-linker-build-id --enable-plugin --enable-gold --with-local-prefix=/home/zhehe01/work/bzr/pi-build/builds/arm-linux-gnueabihf-raspbian-linux/install/arm-linux-gnueabihf/libc --enable-c99 --enable-long-long --with-float=hard]
  ignore line: [Thread model: posix]
  ignore line: [gcc version 4.8.3 20140303 (prerelease) (crosstool-NG linaro-1.13.1+bzr2650 - Linaro GCC 2014.03) ]
  ignore line: [COMPILER_PATH=/opt/xgcc/bin/../libexec/gcc/arm-linux-gnueabihf/4.8.3/:/opt/xgcc/bin/../libexec/gcc/arm-linux-gnueabihf/:/opt/xgcc/bin/../libexec/gcc/:/opt/xgcc/bin/../libexec/gcc/arm-linux-gnueabihf/:/opt/xgcc/bin/../lib/gcc/arm-linux-gnueabihf/4.8.3/../../../../arm-linux-gnueabihf/bin/]
  ignore line: [LIBRARY_PATH=/opt/xgcc/bin/../lib/gcc/arm-linux-gnueabihf/4.8.3/:/opt/xgcc/bin/../lib/gcc/arm-linux-gnueabihf/:/opt/xgcc/bin/../lib/gcc/:/opt/xgcc/bin/../lib/gcc/arm-linux-gnueabihf/:/opt/xgcc/bin/../lib/gcc/arm-linux-gnueabihf/4.8.3/../../../../arm-linux-gnueabihf/lib/:/lib/arm-linux-gnueabihf/:/lib/:/lib/arm-linux-gnueabihf/:/usr/lib/arm-linux-gnueabihf/:/usr/lib/:/usr/lib/arm-linux-gnueabihf/]
  ignore line: [COLLECT_GCC_OPTIONS='-I' '/opt/kioskd/include' '-I' '/opt/vc/include' '-I' '/opt/vc/include/interface/vcos/pthreads' '-I' '/opt/vc/include/interface/vmcs_host/linux' '-v' '-o' 'cmTryCompileExec2240656024' '-rdynamic' '-march=armv6' '-mtune=arm1176jz-s' '-mfloat-abi=hard' '-mfpu=vfp' '-mtls-dialect=gnu']
  link line: [ /opt/xgcc/bin/../libexec/gcc/arm-linux-gnueabihf/4.8.3/collect2 --sysroot=/ --build-id --eh-frame-hdr -export-dynamic -dynamic-linker /lib/ld-linux-armhf.so.3 -X -m armelf_linux_eabi -o cmTryCompileExec2240656024 /usr/lib/arm-linux-gnueabihf/crt1.o /usr/lib/arm-linux-gnueabihf/crti.o /opt/xgcc/bin/../lib/gcc/arm-linux-gnueabihf/4.8.3/crtbegin.o -L/opt/xgcc/bin/../lib/gcc/arm-linux-gnueabihf/4.8.3 -L/opt/xgcc/bin/../lib/gcc/arm-linux-gnueabihf -L/opt/xgcc/bin/../lib/gcc -L/opt/xgcc/bin/../lib/gcc/arm-linux-gnueabihf -L/opt/xgcc/bin/../lib/gcc/arm-linux-gnueabihf/4.8.3/../../../../arm-linux-gnueabihf/lib -L/lib/arm-linux-gnueabihf -L/lib/arm-linux-gnueabihf -L/usr/lib/arm-linux-gnueabihf -L/usr/lib/arm-linux-gnueabihf CMakeFiles/cmTryCompileExec2240656024.dir/CMakeCCompilerABI.c.o -lgcc --as-needed -lgcc_s --no-as-needed -lc -lgcc --as-needed -lgcc_s --no-as-needed /opt/xgcc/bin/../lib/gcc/arm-linux-gnueabihf/4.8.3/crtend.o /usr/lib/arm-linux-gnueabihf/crtn.o]
    arg [/opt/xgcc/bin/../libexec/gcc/arm-linux-gnueabihf/4.8.3/collect2] ==> ignore
    arg [--sysroot=/] ==> ignore
    arg [--build-id] ==> ignore
    arg [--eh-frame-hdr] ==> ignore
    arg [-export-dynamic] ==> ignore
    arg [-dynamic-linker] ==> ignore
    arg [/lib/ld-linux-armhf.so.3] ==> ignore
    arg [-X] ==> ignore
    arg [-m] ==> ignore
    arg [armelf_linux_eabi] ==> ignore
    arg [-o] ==> ignore
    arg [cmTryCompileExec2240656024] ==> ignore
    arg [/usr/lib/arm-linux-gnueabihf/crt1.o] ==> ignore
    arg [/usr/lib/arm-linux-gnueabihf/crti.o] ==> ignore
    arg [/opt/xgcc/bin/../lib/gcc/arm-linux-gnueabihf/4.8.3/crtbegin.o] ==> ignore
    arg [-L/opt/xgcc/bin/../lib/gcc/arm-linux-gnueabihf/4.8.3] ==> dir [/opt/xgcc/bin/../lib/gcc/arm-linux-gnueabihf/4.8.3]
    arg [-L/opt/xgcc/bin/../lib/gcc/arm-linux-gnueabihf] ==> dir [/opt/xgcc/bin/../lib/gcc/arm-linux-gnueabihf]
    arg [-L/opt/xgcc/bin/../lib/gcc] ==> dir [/opt/xgcc/bin/../lib/gcc]
    arg [-L/opt/xgcc/bin/../lib/gcc/arm-linux-gnueabihf] ==> dir [/opt/xgcc/bin/../lib/gcc/arm-linux-gnueabihf]
    arg [-L/opt/xgcc/bin/../lib/gcc/arm-linux-gnueabihf/4.8.3/../../../../arm-linux-gnueabihf/lib] ==> dir [/opt/xgcc/bin/../lib/gcc/arm-linux-gnueabihf/4.8.3/../../../../arm-linux-gnueabihf/lib]
    arg [-L/lib/arm-linux-gnueabihf] ==> dir [/lib/arm-linux-gnueabihf]
    arg [-L/lib/arm-linux-gnueabihf] ==> dir [/lib/arm-linux-gnueabihf]
    arg [-L/usr/lib/arm-linux-gnueabihf] ==> dir [/usr/lib/arm-linux-gnueabihf]
    arg [-L/usr/lib/arm-linux-gnueabihf] ==> dir [/usr/lib/arm-linux-gnueabihf]
    arg [CMakeFiles/cmTryCompileExec2240656024.dir/CMakeCCompilerABI.c.o] ==> ignore
    arg [-lgcc] ==> lib [gcc]
    arg [--as-needed] ==> ignore
    arg [-lgcc_s] ==> lib [gcc_s]
    arg [--no-as-needed] ==> ignore
    arg [-lc] ==> lib [c]
    arg [-lgcc] ==> lib [gcc]
    arg [--as-needed] ==> ignore
    arg [-lgcc_s] ==> lib [gcc_s]
    arg [--no-as-needed] ==> ignore
    arg [/opt/xgcc/bin/../lib/gcc/arm-linux-gnueabihf/4.8.3/crtend.o] ==> ignore
    arg [/usr/lib/arm-linux-gnueabihf/crtn.o] ==> ignore
  remove lib [gcc]
  remove lib [gcc_s]
  remove lib [gcc]
  remove lib [gcc_s]
  collapse dir [/opt/xgcc/bin/../lib/gcc/arm-linux-gnueabihf/4.8.3] ==> [/opt/xgcc/lib/gcc/arm-linux-gnueabihf/4.8.3]
  collapse dir [/opt/xgcc/bin/../lib/gcc/arm-linux-gnueabihf] ==> [/opt/xgcc/lib/gcc/arm-linux-gnueabihf]
  collapse dir [/opt/xgcc/bin/../lib/gcc] ==> [/opt/xgcc/lib/gcc]
  collapse dir [/opt/xgcc/bin/../lib/gcc/arm-linux-gnueabihf] ==> [/opt/xgcc/lib/gcc/arm-linux-gnueabihf]
  collapse dir [/opt/xgcc/bin/../lib/gcc/arm-linux-gnueabihf/4.8.3/../../../../arm-linux-gnueabihf/lib] ==> [/opt/xgcc/arm-linux-gnueabihf/lib]
  collapse dir [/lib/arm-linux-gnueabihf] ==> [/lib/arm-linux-gnueabihf]
  collapse dir [/lib/arm-linux-gnueabihf] ==> [/lib/arm-linux-gnueabihf]
  collapse dir [/usr/lib/arm-linux-gnueabihf] ==> [/usr/lib/arm-linux-gnueabihf]
  collapse dir [/usr/lib/arm-linux-gnueabihf] ==> [/usr/lib/arm-linux-gnueabihf]
  implicit libs: [c]
  implicit dirs: [/opt/xgcc/lib/gcc/arm-linux-gnueabihf/4.8.3;/opt/xgcc/lib/gcc/arm-linux-gnueabihf;/opt/xgcc/lib/gcc;/opt/xgcc/arm-linux-gnueabihf/lib;/lib/arm-linux-gnueabihf;/usr/lib/arm-linux-gnueabihf]


Determining if the CXX compiler works passed with the following output:
Change Dir: /root/kioskd-build/build/CMakeFiles/CMakeTmp

Run Build Command:/usr/bin/make "cmTryCompileExec262079701/fast"
/usr/bin/make -f CMakeFiles/cmTryCompileExec262079701.dir/build.make CMakeFiles/cmTryCompileExec262079701.dir/build
make[1]: Entering directory `/root/kioskd-build/build/CMakeFiles/CMakeTmp'
/usr/bin/cmake -E cmake_progress_report /root/kioskd-build/build/CMakeFiles/CMakeTmp/CMakeFiles 1
Building CXX object CMakeFiles/cmTryCompileExec262079701.dir/testCXXCompiler.cxx.o
/opt/xgcc/bin/arm-linux-gnueabihf-g++     -o CMakeFiles/cmTryCompileExec262079701.dir/testCXXCompiler.cxx.o -c /root/kioskd-build/build/CMakeFiles/CMakeTmp/testCXXCompiler.cxx
Linking CXX executable cmTryCompileExec262079701
/usr/bin/cmake -E cmake_link_script CMakeFiles/cmTryCompileExec262079701.dir/link.txt --verbose=1
/opt/xgcc/bin/arm-linux-gnueabihf-g++         -L/opt/kioskd/lib -L/opt/vc/lib  -L/usr/lib/arm-linux-gnueabihf --sysroot=/ CMakeFiles/cmTryCompileExec262079701.dir/testCXXCompiler.cxx.o  -o cmTryCompileExec262079701 -rdynamic 
make[1]: Leaving directory `/root/kioskd-build/build/CMakeFiles/CMakeTmp'


Detecting CXX compiler ABI info compiled with the following output:
Change Dir: /root/kioskd-build/build/CMakeFiles/CMakeTmp

Run Build Command:/usr/bin/make "cmTryCompileExec4012296218/fast"
/usr/bin/make -f CMakeFiles/cmTryCompileExec4012296218.dir/build.make CMakeFiles/cmTryCompileExec4012296218.dir/build
make[1]: Entering directory `/root/kioskd-build/build/CMakeFiles/CMakeTmp'
/usr/bin/cmake -E cmake_progress_report /root/kioskd-build/build/CMakeFiles/CMakeTmp/CMakeFiles 1
Building CXX object CMakeFiles/cmTryCompileExec4012296218.dir/CMakeCXXCompilerABI.cpp.o
/opt/xgcc/bin/arm-linux-gnueabihf-g++     -o CMakeFiles/cmTryCompileExec4012296218.dir/CMakeCXXCompilerABI.cpp.o -c /usr/share/cmake-2.8/Modules/CMakeCXXCompilerABI.cpp
Linking CXX executable cmTryCompileExec4012296218
/usr/bin/cmake -E cmake_link_script CMakeFiles/cmTryCompileExec4012296218.dir/link.txt --verbose=1
/opt/xgcc/bin/arm-linux-gnueabihf-g++        -v CMakeFiles/cmTryCompileExec4012296218.dir/CMakeCXXCompilerABI.cpp.o  -o cmTryCompileExec4012296218 -rdynamic  
Using built-in specs.
COLLECT_GCC=/opt/xgcc/bin/arm-linux-gnueabihf-g++
COLLECT_LTO_WRAPPER=/opt/xgcc/bin/../libexec/gcc/arm-linux-gnueabihf/4.8.3/lto-wrapper
Target: arm-linux-gnueabihf
Configured with: /home/zhehe01/work/bzr/pi-build/builds/arm-linux-gnueabihf-raspbian-linux/.build/src/gcc-linaro-4.8-2014.03/configure --build=x86_64-build_unknown-linux-gnu --host=x86_64-build_unknown-linux-gnu --target=arm-linux-gnueabihf --prefix=/home/zhehe01/work/bzr/pi-build/builds/arm-linux-gnueabihf-raspbian-linux/install --with-sysroot=/home/zhehe01/work/bzr/pi-build/builds/arm-linux-gnueabihf-raspbian-linux/install/arm-linux-gnueabihf/libc --enable-languages=c,c++,fortran --disable-multilib --enable-multiarch --with-arch=armv6 --with-tune=arm1176jz-s --with-fpu=vfp --with-float=hard --with-pkgversion='crosstool-NG linaro-1.13.1+bzr2650 - Linaro GCC 2014.03' --with-bugurl=https://bugs.launchpad.net/gcc-linaro --enable-__cxa_atexit --enable-libmudflap --enable-libgomp --enable-libssp --with-gmp=/home/zhehe01/work/bzr/pi-build/builds/arm-linux-gnueabihf-raspbian-linux/.build/arm-linux-gnueabihf/build/static --with-mpfr=/home/zhehe01/work/bzr/pi-build/builds/arm-linux-gnueabihf-raspbian-linux/.build/arm-linux-gnueabihf/build/static --with-mpc=/home/zhehe01/work/bzr/pi-build/builds/arm-linux-gnueabihf-raspbian-linux/.build/arm-linux-gnueabihf/build/static --with-isl=/home/zhehe01/work/bzr/pi-build/builds/arm-linux-gnueabihf-raspbian-linux/.build/arm-linux-gnueabihf/build/static --with-cloog=/home/zhehe01/work/bzr/pi-build/builds/arm-linux-gnueabihf-raspbian-linux/.build/arm-linux-gnueabihf/build/static --with-libelf=/home/zhehe01/work/bzr/pi-build/builds/arm-linux-gnueabihf-raspbian-linux/.build/arm-linux-gnueabihf/build/static --enable-threads=posix --disable-libstdcxx-pch --enable-linker-build-id --enable-plugin --enable-gold --with-local-prefix=/home/zhehe01/work/bzr/pi-build/builds/arm-linux-gnueabihf-raspbian-linux/install/arm-linux-gnueabihf/libc --enable-c99 --enable-long-long --with-float=hard
Thread model: posix
gcc version 4.8.3 20140303 (prerelease) (crosstool-NG linaro-1.13.1+bzr2650 - Linaro GCC 2014.03) 
COMPILER_PATH=/opt/xgcc/bin/../libexec/gcc/arm-linux-gnueabihf/4.8.3/:/opt/xgcc/bin/../libexec/gcc/arm-linux-gnueabihf/:/opt/xgcc/bin/../libexec/gcc/:/opt/xgcc/bin/../libexec/gcc/arm-linux-gnueabihf/:/opt/xgcc/bin/../lib/gcc/arm-linux-gnueabihf/4.8.3/../../../../arm-linux-gnueabihf/bin/
LIBRARY_PATH=/opt/xgcc/bin/../lib/gcc/arm-linux-gnueabihf/4.8.3/:/opt/xgcc/bin/../lib/gcc/arm-linux-gnueabihf/:/opt/xgcc/bin/../lib/gcc/:/opt/xgcc/bin/../lib/gcc/arm-linux-gnueabihf/:/opt/xgcc/bin/../lib/gcc/arm-linux-gnueabihf/4.8.3/../../../../arm-linux-gnueabihf/lib/:/opt/xgcc/bin/../arm-linux-gnueabihf/libc/lib/arm-linux-gnueabihf/:/opt/xgcc/bin/../arm-linux-gnueabihf/libc/lib/:/opt/xgcc/bin/../arm-linux-gnueabihf/libc/lib/arm-linux-gnueabihf/:/opt/xgcc/bin/../arm-linux-gnueabihf/libc/usr/lib/arm-linux-gnueabihf/:/opt/xgcc/bin/../arm-linux-gnueabihf/libc/usr/lib/:/opt/xgcc/bin/../arm-linux-gnueabihf/libc/usr/lib/arm-linux-gnueabihf/
COLLECT_GCC_OPTIONS='-v' '-o' 'cmTryCompileExec4012296218' '-rdynamic' '-shared-libgcc' '-march=armv6' '-mtune=arm1176jz-s' '-mfloat-abi=hard' '-mfpu=vfp' '-mtls-dialect=gnu'
 /opt/xgcc/bin/../libexec/gcc/arm-linux-gnueabihf/4.8.3/collect2 --sysroot=/opt/xgcc/bin/../arm-linux-gnueabihf/libc --build-id --eh-frame-hdr -export-dynamic -dynamic-linker /lib/ld-linux-armhf.so.3 -X -m armelf_linux_eabi -o cmTryCompileExec4012296218 /opt/xgcc/bin/../arm-linux-gnueabihf/libc/usr/lib/arm-linux-gnueabihf/crt1.o /opt/xgcc/bin/../arm-linux-gnueabihf/libc/usr/lib/arm-linux-gnueabihf/crti.o /opt/xgcc/bin/../lib/gcc/arm-linux-gnueabihf/4.8.3/crtbegin.o -L/opt/xgcc/bin/../lib/gcc/arm-linux-gnueabihf/4.8.3 -L/opt/xgcc/bin/../lib/gcc/arm-linux-gnueabihf -L/opt/xgcc/bin/../lib/gcc -L/opt/xgcc/bin/../lib/gcc/arm-linux-gnueabihf -L/opt/xgcc/bin/../lib/gcc/arm-linux-gnueabihf/4.8.3/../../../../arm-linux-gnueabihf/lib -L/opt/xgcc/bin/../arm-linux-gnueabihf/libc/lib/arm-linux-gnueabihf -L/opt/xgcc/bin/../arm-linux-gnueabihf/libc/lib -L/opt/xgcc/bin/../arm-linux-gnueabihf/libc/lib/arm-linux-gnueabihf -L/opt/xgcc/bin/../arm-linux-gnueabihf/libc/usr/lib/arm-linux-gnueabihf -L/opt/xgcc/bin/../arm-linux-gnueabihf/libc/usr/lib -L/opt/xgcc/bin/../arm-linux-gnueabihf/libc/usr/lib/arm-linux-gnueabihf CMakeFiles/cmTryCompileExec4012296218.dir/CMakeCXXCompilerABI.cpp.o -lstdc++ -lm -lgcc_s -lgcc -lc -lgcc_s -lgcc /opt/xgcc/bin/../lib/gcc/arm-linux-gnueabihf/4.8.3/crtend.o /opt/xgcc/bin/../arm-linux-gnueabihf/libc/usr/lib/arm-linux-gnueabihf/crtn.o
make[1]: Leaving directory `/root/kioskd-build/build/CMakeFiles/CMakeTmp'


Parsed CXX implicit link information from above output:
  link line regex: [^( *|.*[/\])(ld|ld|collect2)[^/\]*( |$)]
  ignore line: [Change Dir: /root/kioskd-build/build/CMakeFiles/CMakeTmp]
  ignore line: []
  ignore line: [Run Build Command:/usr/bin/make "cmTryCompileExec4012296218/fast"]
  ignore line: [/usr/bin/make -f CMakeFiles/cmTryCompileExec4012296218.dir/build.make CMakeFiles/cmTryCompileExec4012296218.dir/build]
  ignore line: [make[1]: Entering directory `/root/kioskd-build/build/CMakeFiles/CMakeTmp']
  ignore line: [/usr/bin/cmake -E cmake_progress_report /root/kioskd-build/build/CMakeFiles/CMakeTmp/CMakeFiles 1]
  ignore line: [Building CXX object CMakeFiles/cmTryCompileExec4012296218.dir/CMakeCXXCompilerABI.cpp.o]
  ignore line: [/opt/xgcc/bin/arm-linux-gnueabihf-g++     -o CMakeFiles/cmTryCompileExec4012296218.dir/CMakeCXXCompilerABI.cpp.o -c /usr/share/cmake-2.8/Modules/CMakeCXXCompilerABI.cpp]
  ignore line: [Linking CXX executable cmTryCompileExec4012296218]
  ignore line: [/usr/bin/cmake -E cmake_link_script CMakeFiles/cmTryCompileExec4012296218.dir/link.txt --verbose=1]
  ignore line: [/opt/xgcc/bin/arm-linux-gnueabihf-g++        -v CMakeFiles/cmTryCompileExec4012296218.dir/CMakeCXXCompilerABI.cpp.o  -o cmTryCompileExec4012296218 -rdynamic  ]
  ignore line: [Using built-in specs.]
  ignore line: [COLLECT_GCC=/opt/xgcc/bin/arm-linux-gnueabihf-g++]
  ignore line: [COLLECT_LTO_WRAPPER=/opt/xgcc/bin/../libexec/gcc/arm-linux-gnueabihf/4.8.3/lto-wrapper]
  ignore line: [Target: arm-linux-gnueabihf]
  ignore line: [Configured with: /home/zhehe01/work/bzr/pi-build/builds/arm-linux-gnueabihf-raspbian-linux/.build/src/gcc-linaro-4.8-2014.03/configure --build=x86_64-build_unknown-linux-gnu --host=x86_64-build_unknown-linux-gnu --target=arm-linux-gnueabihf --prefix=/home/zhehe01/work/bzr/pi-build/builds/arm-linux-gnueabihf-raspbian-linux/install --with-sysroot=/home/zhehe01/work/bzr/pi-build/builds/arm-linux-gnueabihf-raspbian-linux/install/arm-linux-gnueabihf/libc --enable-languages=c,c++,fortran --disable-multilib --enable-multiarch --with-arch=armv6 --with-tune=arm1176jz-s --with-fpu=vfp --with-float=hard --with-pkgversion='crosstool-NG linaro-1.13.1+bzr2650 - Linaro GCC 2014.03' --with-bugurl=https://bugs.launchpad.net/gcc-linaro --enable-__cxa_atexit --enable-libmudflap --enable-libgomp --enable-libssp --with-gmp=/home/zhehe01/work/bzr/pi-build/builds/arm-linux-gnueabihf-raspbian-linux/.build/arm-linux-gnueabihf/build/static --with-mpfr=/home/zhehe01/work/bzr/pi-build/builds/arm-linux-gnueabihf-raspbian-linux/.build/arm-linux-gnueabihf/build/static --with-mpc=/home/zhehe01/work/bzr/pi-build/builds/arm-linux-gnueabihf-raspbian-linux/.build/arm-linux-gnueabihf/build/static --with-isl=/home/zhehe01/work/bzr/pi-build/builds/arm-linux-gnueabihf-raspbian-linux/.build/arm-linux-gnueabihf/build/static --with-cloog=/home/zhehe01/work/bzr/pi-build/builds/arm-linux-gnueabihf-raspbian-linux/.build/arm-linux-gnueabihf/build/static --with-libelf=/home/zhehe01/work/bzr/pi-build/builds/arm-linux-gnueabihf-raspbian-linux/.build/arm-linux-gnueabihf/build/static --enable-threads=posix --disable-libstdcxx-pch --enable-linker-build-id --enable-plugin --enable-gold --with-local-prefix=/home/zhehe01/work/bzr/pi-build/builds/arm-linux-gnueabihf-raspbian-linux/install/arm-linux-gnueabihf/libc --enable-c99 --enable-long-long --with-float=hard]
  ignore line: [Thread model: posix]
  ignore line: [gcc version 4.8.3 20140303 (prerelease) (crosstool-NG linaro-1.13.1+bzr2650 - Linaro GCC 2014.03) ]
  ignore line: [COMPILER_PATH=/opt/xgcc/bin/../libexec/gcc/arm-linux-gnueabihf/4.8.3/:/opt/xgcc/bin/../libexec/gcc/arm-linux-gnueabihf/:/opt/xgcc/bin/../libexec/gcc/:/opt/xgcc/bin/../libexec/gcc/arm-linux-gnueabihf/:/opt/xgcc/bin/../lib/gcc/arm-linux-gnueabihf/4.8.3/../../../../arm-linux-gnueabihf/bin/]
  ignore line: [LIBRARY_PATH=/opt/xgcc/bin/../lib/gcc/arm-linux-gnueabihf/4.8.3/:/opt/xgcc/bin/../lib/gcc/arm-linux-gnueabihf/:/opt/xgcc/bin/../lib/gcc/:/opt/xgcc/bin/../lib/gcc/arm-linux-gnueabihf/:/opt/xgcc/bin/../lib/gcc/arm-linux-gnueabihf/4.8.3/../../../../arm-linux-gnueabihf/lib/:/opt/xgcc/bin/../arm-linux-gnueabihf/libc/lib/arm-linux-gnueabihf/:/opt/xgcc/bin/../arm-linux-gnueabihf/libc/lib/:/opt/xgcc/bin/../arm-linux-gnueabihf/libc/lib/arm-linux-gnueabihf/:/opt/xgcc/bin/../arm-linux-gnueabihf/libc/usr/lib/arm-linux-gnueabihf/:/opt/xgcc/bin/../arm-linux-gnueabihf/libc/usr/lib/:/opt/xgcc/bin/../arm-linux-gnueabihf/libc/usr/lib/arm-linux-gnueabihf/]
  ignore line: [COLLECT_GCC_OPTIONS='-v' '-o' 'cmTryCompileExec4012296218' '-rdynamic' '-shared-libgcc' '-march=armv6' '-mtune=arm1176jz-s' '-mfloat-abi=hard' '-mfpu=vfp' '-mtls-dialect=gnu']
  link line: [ /opt/xgcc/bin/../libexec/gcc/arm-linux-gnueabihf/4.8.3/collect2 --sysroot=/opt/xgcc/bin/../arm-linux-gnueabihf/libc --build-id --eh-frame-hdr -export-dynamic -dynamic-linker /lib/ld-linux-armhf.so.3 -X -m armelf_linux_eabi -o cmTryCompileExec4012296218 /opt/xgcc/bin/../arm-linux-gnueabihf/libc/usr/lib/arm-linux-gnueabihf/crt1.o /opt/xgcc/bin/../arm-linux-gnueabihf/libc/usr/lib/arm-linux-gnueabihf/crti.o /opt/xgcc/bin/../lib/gcc/arm-linux-gnueabihf/4.8.3/crtbegin.o -L/opt/xgcc/bin/../lib/gcc/arm-linux-gnueabihf/4.8.3 -L/opt/xgcc/bin/../lib/gcc/arm-linux-gnueabihf -L/opt/xgcc/bin/../lib/gcc -L/opt/xgcc/bin/../lib/gcc/arm-linux-gnueabihf -L/opt/xgcc/bin/../lib/gcc/arm-linux-gnueabihf/4.8.3/../../../../arm-linux-gnueabihf/lib -L/opt/xgcc/bin/../arm-linux-gnueabihf/libc/lib/arm-linux-gnueabihf -L/opt/xgcc/bin/../arm-linux-gnueabihf/libc/lib -L/opt/xgcc/bin/../arm-linux-gnueabihf/libc/lib/arm-linux-gnueabihf -L/opt/xgcc/bin/../arm-linux-gnueabihf/libc/usr/lib/arm-linux-gnueabihf -L/opt/xgcc/bin/../arm-linux-gnueabihf/libc/usr/lib -L/opt/xgcc/bin/../arm-linux-gnueabihf/libc/usr/lib/arm-linux-gnueabihf CMakeFiles/cmTryCompileExec4012296218.dir/CMakeCXXCompilerABI.cpp.o -lstdc++ -lm -lgcc_s -lgcc -lc -lgcc_s -lgcc /opt/xgcc/bin/../lib/gcc/arm-linux-gnueabihf/4.8.3/crtend.o /opt/xgcc/bin/../arm-linux-gnueabihf/libc/usr/lib/arm-linux-gnueabihf/crtn.o]
    arg [/opt/xgcc/bin/../libexec/gcc/arm-linux-gnueabihf/4.8.3/collect2] ==> ignore
    arg [--sysroot=/opt/xgcc/bin/../arm-linux-gnueabihf/libc] ==> ignore
    arg [--build-id] ==> ignore
    arg [--eh-frame-hdr] ==> ignore
    arg [-export-dynamic] ==> ignore
    arg [-dynamic-linker] ==> ignore
    arg [/lib/ld-linux-armhf.so.3] ==> ignore
    arg [-X] ==> ignore
    arg [-m] ==> ignore
    arg [armelf_linux_eabi] ==> ignore
    arg [-o] ==> ignore
    arg [cmTryCompileExec4012296218] ==> ignore
    arg [/opt/xgcc/bin/../arm-linux-gnueabihf/libc/usr/lib/arm-linux-gnueabihf/crt1.o] ==> ignore
    arg [/opt/xgcc/bin/../arm-linux-gnueabihf/libc/usr/lib/arm-linux-gnueabihf/crti.o] ==> ignore
    arg [/opt/xgcc/bin/../lib/gcc/arm-linux-gnueabihf/4.8.3/crtbegin.o] ==> ignore
    arg [-L/opt/xgcc/bin/../lib/gcc/arm-linux-gnueabihf/4.8.3] ==> dir [/opt/xgcc/bin/../lib/gcc/arm-linux-gnueabihf/4.8.3]
    arg [-L/opt/xgcc/bin/../lib/gcc/arm-linux-gnueabihf] ==> dir [/opt/xgcc/bin/../lib/gcc/arm-linux-gnueabihf]
    arg [-L/opt/xgcc/bin/../lib/gcc] ==> dir [/opt/xgcc/bin/../lib/gcc]
    arg [-L/opt/xgcc/bin/../lib/gcc/arm-linux-gnueabihf] ==> dir [/opt/xgcc/bin/../lib/gcc/arm-linux-gnueabihf]
    arg [-L/opt/xgcc/bin/../lib/gcc/arm-linux-gnueabihf/4.8.3/../../../../arm-linux-gnueabihf/lib] ==> dir [/opt/xgcc/bin/../lib/gcc/arm-linux-gnueabihf/4.8.3/../../../../arm-linux-gnueabihf/lib]
    arg [-L/opt/xgcc/bin/../arm-linux-gnueabihf/libc/lib/arm-linux-gnueabihf] ==> dir [/opt/xgcc/bin/../arm-linux-gnueabihf/libc/lib/arm-linux-gnueabihf]
    arg [-L/opt/xgcc/bin/../arm-linux-gnueabihf/libc/lib] ==> dir [/opt/xgcc/bin/../arm-linux-gnueabihf/libc/lib]
    arg [-L/opt/xgcc/bin/../arm-linux-gnueabihf/libc/lib/arm-linux-gnueabihf] ==> dir [/opt/xgcc/bin/../arm-linux-gnueabihf/libc/lib/arm-linux-gnueabihf]
    arg [-L/opt/xgcc/bin/../arm-linux-gnueabihf/libc/usr/lib/arm-linux-gnueabihf] ==> dir [/opt/xgcc/bin/../arm-linux-gnueabihf/libc/usr/lib/arm-linux-gnueabihf]
    arg [-L/opt/xgcc/bin/../arm-linux-gnueabihf/libc/usr/lib] ==> dir [/opt/xgcc/bin/../arm-linux-gnueabihf/libc/usr/lib]
    arg [-L/opt/xgcc/bin/../arm-linux-gnueabihf/libc/usr/lib/arm-linux-gnueabihf] ==> dir [/opt/xgcc/bin/../arm-linux-gnueabihf/libc/usr/lib/arm-linux-gnueabihf]
    arg [CMakeFiles/cmTryCompileExec4012296218.dir/CMakeCXXCompilerABI.cpp.o] ==> ignore
    arg [-lstdc++] ==> lib [stdc++]
    arg [-lm] ==> lib [m]
    arg [-lgcc_s] ==> lib [gcc_s]
    arg [-lgcc] ==> lib [gcc]
    arg [-lc] ==> lib [c]
    arg [-lgcc_s] ==> lib [gcc_s]
    arg [-lgcc] ==> lib [gcc]
    arg [/opt/xgcc/bin/../lib/gcc/arm-linux-gnueabihf/4.8.3/crtend.o] ==> ignore
    arg [/opt/xgcc/bin/../arm-linux-gnueabihf/libc/usr/lib/arm-linux-gnueabihf/crtn.o] ==> ignore
  remove lib [gcc_s]
  remove lib [gcc]
  remove lib [gcc_s]
  remove lib [gcc]
  collapse dir [/opt/xgcc/bin/../lib/gcc/arm-linux-gnueabihf/4.8.3] ==> [/opt/xgcc/lib/gcc/arm-linux-gnueabihf/4.8.3]
  collapse dir [/opt/xgcc/bin/../lib/gcc/arm-linux-gnueabihf] ==> [/opt/xgcc/lib/gcc/arm-linux-gnueabihf]
  collapse dir [/opt/xgcc/bin/../lib/gcc] ==> [/opt/xgcc/lib/gcc]
  collapse dir [/opt/xgcc/bin/../lib/gcc/arm-linux-gnueabihf] ==> [/opt/xgcc/lib/gcc/arm-linux-gnueabihf]
  collapse dir [/opt/xgcc/bin/../lib/gcc/arm-linux-gnueabihf/4.8.3/../../../../arm-linux-gnueabihf/lib] ==> [/opt/xgcc/arm-linux-gnueabihf/lib]
  collapse dir [/opt/xgcc/bin/../arm-linux-gnueabihf/libc/lib/arm-linux-gnueabihf] ==> [/opt/xgcc/arm-linux-gnueabihf/libc/lib/arm-linux-gnueabihf]
  collapse dir [/opt/xgcc/bin/../arm-linux-gnueabihf/libc/lib] ==> [/opt/xgcc/arm-linux-gnueabihf/libc/lib]
  collapse dir [/opt/xgcc/bin/../arm-linux-gnueabihf/libc/lib/arm-linux-gnueabihf] ==> [/opt/xgcc/arm-linux-gnueabihf/libc/lib/arm-linux-gnueabihf]
  collapse dir [/opt/xgcc/bin/../arm-linux-gnueabihf/libc/usr/lib/arm-linux-gnueabihf] ==> [/opt/xgcc/arm-linux-gnueabihf/libc/usr/lib/arm-linux-gnueabihf]
  collapse dir [/opt/xgcc/bin/../arm-linux-gnueabihf/libc/usr/lib] ==> [/opt/xgcc/arm-linux-gnueabihf/libc/usr/lib]
  collapse dir [/opt/xgcc/bin/../arm-linux-gnueabihf/libc/usr/lib/arm-linux-gnueabihf] ==> [/opt/xgcc/arm-linux-gnueabihf/libc/usr/lib/arm-linux-gnueabihf]
  implicit libs: [stdc++;m;c]
  implicit dirs: [/opt/xgcc/lib/gcc/arm-linux-gnueabihf/4.8.3;/opt/xgcc/lib/gcc/arm-linux-gnueabihf;/opt/xgcc/lib/gcc;/opt/xgcc/arm-linux-gnueabihf/lib;/opt/xgcc/arm-linux-gnueabihf/libc/lib/arm-linux-gnueabihf;/opt/xgcc/arm-linux-gnueabihf/libc/lib;/opt/xgcc/arm-linux-gnueabihf/libc/usr/lib/arm-linux-gnueabihf;/opt/xgcc/arm-linux-gnueabihf/libc/usr/lib]


The system is: Linux - 3.16.2-200.fc20.x86_64 - armv6l
Compiling the C compiler identification source file "CMakeCCompilerId.c" succeeded.
Compiler: /opt/xgcc/bin/arm-linux-gnueabihf-gcc 
Build flags: -I/opt/kioskd/include;-I/opt/vc/include;-I/opt/vc/include/interface/vcos/pthreads;-I/opt/vc/include/interface/vmcs_host/linux;--sysroot=/
Id flags: 

The output was:
0


Compilation of the C compiler identification source "CMakeCCompilerId.c" produced "a.out"

The C compiler identification is GNU, found in "/root/kioskd-build/build/CMakeFiles/2.8.12.2/CompilerIdC/a.out"

Compiling the CXX compiler identification source file "CMakeCXXCompilerId.cpp" succeeded.
Compiler: /opt/xgcc/bin/arm-linux-gnueabihf-g++ 
Build flags: 
Id flags: 

The output was:
0


Compilation of the CXX compiler identification source "CMakeCXXCompilerId.cpp" produced "a.out"

The CXX compiler identification is GNU, found in "/root/kioskd-build/build/CMakeFiles/2.8.12.2/CompilerIdCXX/a.out"

Determining if the C compiler works passed with the following output:
Change Dir: /root/kioskd-build/build/CMakeFiles/CMakeTmp

Run Build Command:/usr/bin/make "cmTryCompileExec3268831619/fast"
/usr/bin/make -f CMakeFiles/cmTryCompileExec3268831619.dir/build.make CMakeFiles/cmTryCompileExec3268831619.dir/build
make[1]: Entering directory `/root/kioskd-build/build/CMakeFiles/CMakeTmp'
/host-rootfs/usr/bin/cmake -E cmake_progress_report /root/kioskd-build/build/CMakeFiles/CMakeTmp/CMakeFiles 1
Building C object CMakeFiles/cmTryCompileExec3268831619.dir/testCCompiler.c.o
/opt/xgcc/bin/arm-linux-gnueabihf-gcc   -I/opt/kioskd/include -I/opt/vc/include -I/opt/vc/include/interface/vcos/pthreads -I/opt/vc/include/interface/vmcs_host/linux --sysroot=/     -o CMakeFiles/cmTryCompileExec3268831619.dir/testCCompiler.c.o   -c /root/kioskd-build/build/CMakeFiles/CMakeTmp/testCCompiler.c
Linking C executable cmTryCompileExec3268831619
/host-rootfs/usr/bin/cmake -E cmake_link_script CMakeFiles/cmTryCompileExec3268831619.dir/link.txt --verbose=1
/opt/xgcc/bin/arm-linux-gnueabihf-gcc  -I/opt/kioskd/include -I/opt/vc/include -I/opt/vc/include/interface/vcos/pthreads -I/opt/vc/include/interface/vmcs_host/linux --sysroot=/     -L/opt/kioskd/lib -L/opt/vc/lib  -L/usr/lib/arm-linux-gnueabihf --sysroot=/ CMakeFiles/cmTryCompileExec3268831619.dir/testCCompiler.c.o  -o cmTryCompileExec3268831619 -rdynamic 
make[1]: Leaving directory `/root/kioskd-build/build/CMakeFiles/CMakeTmp'


Detecting C compiler ABI info compiled with the following output:
Change Dir: /root/kioskd-build/build/CMakeFiles/CMakeTmp

Run Build Command:/usr/bin/make "cmTryCompileExec2628046446/fast"
/usr/bin/make -f CMakeFiles/cmTryCompileExec2628046446.dir/build.make CMakeFiles/cmTryCompileExec2628046446.dir/build
make[1]: Entering directory `/root/kioskd-build/build/CMakeFiles/CMakeTmp'
/host-rootfs/usr/bin/cmake -E cmake_progress_report /root/kioskd-build/build/CMakeFiles/CMakeTmp/CMakeFiles 1
Building C object CMakeFiles/cmTryCompileExec2628046446.dir/CMakeCCompilerABI.c.o
/opt/xgcc/bin/arm-linux-gnueabihf-gcc   -I/opt/kioskd/include -I/opt/vc/include -I/opt/vc/include/interface/vcos/pthreads -I/opt/vc/include/interface/vmcs_host/linux --sysroot=/     -o CMakeFiles/cmTryCompileExec2628046446.dir/CMakeCCompilerABI.c.o   -c /host-rootfs/usr/share/cmake/Modules/CMakeCCompilerABI.c
Linking C executable cmTryCompileExec2628046446
/host-rootfs/usr/bin/cmake -E cmake_link_script CMakeFiles/cmTryCompileExec2628046446.dir/link.txt --verbose=1
/opt/xgcc/bin/arm-linux-gnueabihf-gcc  -I/opt/kioskd/include -I/opt/vc/include -I/opt/vc/include/interface/vcos/pthreads -I/opt/vc/include/interface/vmcs_host/linux --sysroot=/    -v CMakeFiles/cmTryCompileExec2628046446.dir/CMakeCCompilerABI.c.o  -o cmTryCompileExec2628046446 -rdynamic  
Using built-in specs.
COLLECT_GCC=/opt/xgcc/bin/arm-linux-gnueabihf-gcc
COLLECT_LTO_WRAPPER=/opt/xgcc/bin/../libexec/gcc/arm-linux-gnueabihf/4.8.3/lto-wrapper
Target: arm-linux-gnueabihf
Configured with: /home/zhehe01/work/bzr/pi-build/builds/arm-linux-gnueabihf-raspbian-linux/.build/src/gcc-linaro-4.8-2014.03/configure --build=x86_64-build_unknown-linux-gnu --host=x86_64-build_unknown-linux-gnu --target=arm-linux-gnueabihf --prefix=/home/zhehe01/work/bzr/pi-build/builds/arm-linux-gnueabihf-raspbian-linux/install --with-sysroot=/home/zhehe01/work/bzr/pi-build/builds/arm-linux-gnueabihf-raspbian-linux/install/arm-linux-gnueabihf/libc --enable-languages=c,c++,fortran --disable-multilib --enable-multiarch --with-arch=armv6 --with-tune=arm1176jz-s --with-fpu=vfp --with-float=hard --with-pkgversion='crosstool-NG linaro-1.13.1+bzr2650 - Linaro GCC 2014.03' --with-bugurl=https://bugs.launchpad.net/gcc-linaro --enable-__cxa_atexit --enable-libmudflap --enable-libgomp --enable-libssp --with-gmp=/home/zhehe01/work/bzr/pi-build/builds/arm-linux-gnueabihf-raspbian-linux/.build/arm-linux-gnueabihf/build/static --with-mpfr=/home/zhehe01/work/bzr/pi-build/builds/arm-linux-gnueabihf-raspbian-linux/.build/arm-linux-gnueabihf/build/static --with-mpc=/home/zhehe01/work/bzr/pi-build/builds/arm-linux-gnueabihf-raspbian-linux/.build/arm-linux-gnueabihf/build/static --with-isl=/home/zhehe01/work/bzr/pi-build/builds/arm-linux-gnueabihf-raspbian-linux/.build/arm-linux-gnueabihf/build/static --with-cloog=/home/zhehe01/work/bzr/pi-build/builds/arm-linux-gnueabihf-raspbian-linux/.build/arm-linux-gnueabihf/build/static --with-libelf=/home/zhehe01/work/bzr/pi-build/builds/arm-linux-gnueabihf-raspbian-linux/.build/arm-linux-gnueabihf/build/static --enable-threads=posix --disable-libstdcxx-pch --enable-linker-build-id --enable-plugin --enable-gold --with-local-prefix=/home/zhehe01/work/bzr/pi-build/builds/arm-linux-gnueabihf-raspbian-linux/install/arm-linux-gnueabihf/libc --enable-c99 --enable-long-long --with-float=hard
Thread model: posix
gcc version 4.8.3 20140303 (prerelease) (crosstool-NG linaro-1.13.1+bzr2650 - Linaro GCC 2014.03) 
COMPILER_PATH=/opt/xgcc/bin/../libexec/gcc/arm-linux-gnueabihf/4.8.3/:/opt/xgcc/bin/../libexec/gcc/arm-linux-gnueabihf/:/opt/xgcc/bin/../libexec/gcc/:/opt/xgcc/bin/../libexec/gcc/arm-linux-gnueabihf/:/opt/xgcc/bin/../lib/gcc/arm-linux-gnueabihf/4.8.3/../../../../arm-linux-gnueabihf/bin/
LIBRARY_PATH=/opt/xgcc/bin/../lib/gcc/arm-linux-gnueabihf/4.8.3/:/opt/xgcc/bin/../lib/gcc/arm-linux-gnueabihf/:/opt/xgcc/bin/../lib/gcc/:/opt/xgcc/bin/../lib/gcc/arm-linux-gnueabihf/:/opt/xgcc/bin/../lib/gcc/arm-linux-gnueabihf/4.8.3/../../../../arm-linux-gnueabihf/lib/:/lib/arm-linux-gnueabihf/:/lib/:/lib/arm-linux-gnueabihf/:/usr/lib/arm-linux-gnueabihf/:/usr/lib/:/usr/lib/arm-linux-gnueabihf/
COLLECT_GCC_OPTIONS='-I' '/opt/kioskd/include' '-I' '/opt/vc/include' '-I' '/opt/vc/include/interface/vcos/pthreads' '-I' '/opt/vc/include/interface/vmcs_host/linux' '-v' '-o' 'cmTryCompileExec2628046446' '-rdynamic' '-march=armv6' '-mtune=arm1176jz-s' '-mfloat-abi=hard' '-mfpu=vfp' '-mtls-dialect=gnu'
 /opt/xgcc/bin/../libexec/gcc/arm-linux-gnueabihf/4.8.3/collect2 --sysroot=/ --build-id --eh-frame-hdr -export-dynamic -dynamic-linker /lib/ld-linux-armhf.so.3 -X -m armelf_linux_eabi -o cmTryCompileExec2628046446 /usr/lib/arm-linux-gnueabihf/crt1.o /usr/lib/arm-linux-gnueabihf/crti.o /opt/xgcc/bin/../lib/gcc/arm-linux-gnueabihf/4.8.3/crtbegin.o -L/opt/xgcc/bin/../lib/gcc/arm-linux-gnueabihf/4.8.3 -L/opt/xgcc/bin/../lib/gcc/arm-linux-gnueabihf -L/opt/xgcc/bin/../lib/gcc -L/opt/xgcc/bin/../lib/gcc/arm-linux-gnueabihf -L/opt/xgcc/bin/../lib/gcc/arm-linux-gnueabihf/4.8.3/../../../../arm-linux-gnueabihf/lib -L/lib/arm-linux-gnueabihf -L/lib/arm-linux-gnueabihf -L/usr/lib/arm-linux-gnueabihf -L/usr/lib/arm-linux-gnueabihf CMakeFiles/cmTryCompileExec2628046446.dir/CMakeCCompilerABI.c.o -lgcc --as-needed -lgcc_s --no-as-needed -lc -lgcc --as-needed -lgcc_s --no-as-needed /opt/xgcc/bin/../lib/gcc/arm-linux-gnueabihf/4.8.3/crtend.o /usr/lib/arm-linux-gnueabihf/crtn.o
make[1]: Leaving directory `/root/kioskd-build/build/CMakeFiles/CMakeTmp'


Parsed C implicit link information from above output:
  link line regex: [^( *|.*[/\])(ld|([^/\]+-)?ld|collect2)[^/\]*( |$)]
  ignore line: [Change Dir: /root/kioskd-build/build/CMakeFiles/CMakeTmp]
  ignore line: []
  ignore line: [Run Build Command:/usr/bin/make "cmTryCompileExec2628046446/fast"]
  ignore line: [/usr/bin/make -f CMakeFiles/cmTryCompileExec2628046446.dir/build.make CMakeFiles/cmTryCompileExec2628046446.dir/build]
  ignore line: [make[1]: Entering directory `/root/kioskd-build/build/CMakeFiles/CMakeTmp']
  ignore line: [/host-rootfs/usr/bin/cmake -E cmake_progress_report /root/kioskd-build/build/CMakeFiles/CMakeTmp/CMakeFiles 1]
  ignore line: [Building C object CMakeFiles/cmTryCompileExec2628046446.dir/CMakeCCompilerABI.c.o]
  ignore line: [/opt/xgcc/bin/arm-linux-gnueabihf-gcc   -I/opt/kioskd/include -I/opt/vc/include -I/opt/vc/include/interface/vcos/pthreads -I/opt/vc/include/interface/vmcs_host/linux --sysroot=/     -o CMakeFiles/cmTryCompileExec2628046446.dir/CMakeCCompilerABI.c.o   -c /host-rootfs/usr/share/cmake/Modules/CMakeCCompilerABI.c]
  ignore line: [Linking C executable cmTryCompileExec2628046446]
  ignore line: [/host-rootfs/usr/bin/cmake -E cmake_link_script CMakeFiles/cmTryCompileExec2628046446.dir/link.txt --verbose=1]
  ignore line: [/opt/xgcc/bin/arm-linux-gnueabihf-gcc  -I/opt/kioskd/include -I/opt/vc/include -I/opt/vc/include/interface/vcos/pthreads -I/opt/vc/include/interface/vmcs_host/linux --sysroot=/    -v CMakeFiles/cmTryCompileExec2628046446.dir/CMakeCCompilerABI.c.o  -o cmTryCompileExec2628046446 -rdynamic  ]
  ignore line: [Using built-in specs.]
  ignore line: [COLLECT_GCC=/opt/xgcc/bin/arm-linux-gnueabihf-gcc]
  ignore line: [COLLECT_LTO_WRAPPER=/opt/xgcc/bin/../libexec/gcc/arm-linux-gnueabihf/4.8.3/lto-wrapper]
  ignore line: [Target: arm-linux-gnueabihf]
  ignore line: [Configured with: /home/zhehe01/work/bzr/pi-build/builds/arm-linux-gnueabihf-raspbian-linux/.build/src/gcc-linaro-4.8-2014.03/configure --build=x86_64-build_unknown-linux-gnu --host=x86_64-build_unknown-linux-gnu --target=arm-linux-gnueabihf --prefix=/home/zhehe01/work/bzr/pi-build/builds/arm-linux-gnueabihf-raspbian-linux/install --with-sysroot=/home/zhehe01/work/bzr/pi-build/builds/arm-linux-gnueabihf-raspbian-linux/install/arm-linux-gnueabihf/libc --enable-languages=c,c++,fortran --disable-multilib --enable-multiarch --with-arch=armv6 --with-tune=arm1176jz-s --with-fpu=vfp --with-float=hard --with-pkgversion='crosstool-NG linaro-1.13.1+bzr2650 - Linaro GCC 2014.03' --with-bugurl=https://bugs.launchpad.net/gcc-linaro --enable-__cxa_atexit --enable-libmudflap --enable-libgomp --enable-libssp --with-gmp=/home/zhehe01/work/bzr/pi-build/builds/arm-linux-gnueabihf-raspbian-linux/.build/arm-linux-gnueabihf/build/static --with-mpfr=/home/zhehe01/work/bzr/pi-build/builds/arm-linux-gnueabihf-raspbian-linux/.build/arm-linux-gnueabihf/build/static --with-mpc=/home/zhehe01/work/bzr/pi-build/builds/arm-linux-gnueabihf-raspbian-linux/.build/arm-linux-gnueabihf/build/static --with-isl=/home/zhehe01/work/bzr/pi-build/builds/arm-linux-gnueabihf-raspbian-linux/.build/arm-linux-gnueabihf/build/static --with-cloog=/home/zhehe01/work/bzr/pi-build/builds/arm-linux-gnueabihf-raspbian-linux/.build/arm-linux-gnueabihf/build/static --with-libelf=/home/zhehe01/work/bzr/pi-build/builds/arm-linux-gnueabihf-raspbian-linux/.build/arm-linux-gnueabihf/build/static --enable-threads=posix --disable-libstdcxx-pch --enable-linker-build-id --enable-plugin --enable-gold --with-local-prefix=/home/zhehe01/work/bzr/pi-build/builds/arm-linux-gnueabihf-raspbian-linux/install/arm-linux-gnueabihf/libc --enable-c99 --enable-long-long --with-float=hard]
  ignore line: [Thread model: posix]
  ignore line: [gcc version 4.8.3 20140303 (prerelease) (crosstool-NG linaro-1.13.1+bzr2650 - Linaro GCC 2014.03) ]
  ignore line: [COMPILER_PATH=/opt/xgcc/bin/../libexec/gcc/arm-linux-gnueabihf/4.8.3/:/opt/xgcc/bin/../libexec/gcc/arm-linux-gnueabihf/:/opt/xgcc/bin/../libexec/gcc/:/opt/xgcc/bin/../libexec/gcc/arm-linux-gnueabihf/:/opt/xgcc/bin/../lib/gcc/arm-linux-gnueabihf/4.8.3/../../../../arm-linux-gnueabihf/bin/]
  ignore line: [LIBRARY_PATH=/opt/xgcc/bin/../lib/gcc/arm-linux-gnueabihf/4.8.3/:/opt/xgcc/bin/../lib/gcc/arm-linux-gnueabihf/:/opt/xgcc/bin/../lib/gcc/:/opt/xgcc/bin/../lib/gcc/arm-linux-gnueabihf/:/opt/xgcc/bin/../lib/gcc/arm-linux-gnueabihf/4.8.3/../../../../arm-linux-gnueabihf/lib/:/lib/arm-linux-gnueabihf/:/lib/:/lib/arm-linux-gnueabihf/:/usr/lib/arm-linux-gnueabihf/:/usr/lib/:/usr/lib/arm-linux-gnueabihf/]
  ignore line: [COLLECT_GCC_OPTIONS='-I' '/opt/kioskd/include' '-I' '/opt/vc/include' '-I' '/opt/vc/include/interface/vcos/pthreads' '-I' '/opt/vc/include/interface/vmcs_host/linux' '-v' '-o' 'cmTryCompileExec2628046446' '-rdynamic' '-march=armv6' '-mtune=arm1176jz-s' '-mfloat-abi=hard' '-mfpu=vfp' '-mtls-dialect=gnu']
  link line: [ /opt/xgcc/bin/../libexec/gcc/arm-linux-gnueabihf/4.8.3/collect2 --sysroot=/ --build-id --eh-frame-hdr -export-dynamic -dynamic-linker /lib/ld-linux-armhf.so.3 -X -m armelf_linux_eabi -o cmTryCompileExec2628046446 /usr/lib/arm-linux-gnueabihf/crt1.o /usr/lib/arm-linux-gnueabihf/crti.o /opt/xgcc/bin/../lib/gcc/arm-linux-gnueabihf/4.8.3/crtbegin.o -L/opt/xgcc/bin/../lib/gcc/arm-linux-gnueabihf/4.8.3 -L/opt/xgcc/bin/../lib/gcc/arm-linux-gnueabihf -L/opt/xgcc/bin/../lib/gcc -L/opt/xgcc/bin/../lib/gcc/arm-linux-gnueabihf -L/opt/xgcc/bin/../lib/gcc/arm-linux-gnueabihf/4.8.3/../../../../arm-linux-gnueabihf/lib -L/lib/arm-linux-gnueabihf -L/lib/arm-linux-gnueabihf -L/usr/lib/arm-linux-gnueabihf -L/usr/lib/arm-linux-gnueabihf CMakeFiles/cmTryCompileExec2628046446.dir/CMakeCCompilerABI.c.o -lgcc --as-needed -lgcc_s --no-as-needed -lc -lgcc --as-needed -lgcc_s --no-as-needed /opt/xgcc/bin/../lib/gcc/arm-linux-gnueabihf/4.8.3/crtend.o /usr/lib/arm-linux-gnueabihf/crtn.o]
    arg [/opt/xgcc/bin/../libexec/gcc/arm-linux-gnueabihf/4.8.3/collect2] ==> ignore
    arg [--sysroot=/] ==> ignore
    arg [--build-id] ==> ignore
    arg [--eh-frame-hdr] ==> ignore
    arg [-export-dynamic] ==> ignore
    arg [-dynamic-linker] ==> ignore
    arg [/lib/ld-linux-armhf.so.3] ==> ignore
    arg [-X] ==> ignore
    arg [-m] ==> ignore
    arg [armelf_linux_eabi] ==> ignore
    arg [-o] ==> ignore
    arg [cmTryCompileExec2628046446] ==> ignore
    arg [/usr/lib/arm-linux-gnueabihf/crt1.o] ==> ignore
    arg [/usr/lib/arm-linux-gnueabihf/crti.o] ==> ignore
    arg [/opt/xgcc/bin/../lib/gcc/arm-linux-gnueabihf/4.8.3/crtbegin.o] ==> ignore
    arg [-L/opt/xgcc/bin/../lib/gcc/arm-linux-gnueabihf/4.8.3] ==> dir [/opt/xgcc/bin/../lib/gcc/arm-linux-gnueabihf/4.8.3]
    arg [-L/opt/xgcc/bin/../lib/gcc/arm-linux-gnueabihf] ==> dir [/opt/xgcc/bin/../lib/gcc/arm-linux-gnueabihf]
    arg [-L/opt/xgcc/bin/../lib/gcc] ==> dir [/opt/xgcc/bin/../lib/gcc]
    arg [-L/opt/xgcc/bin/../lib/gcc/arm-linux-gnueabihf] ==> dir [/opt/xgcc/bin/../lib/gcc/arm-linux-gnueabihf]
    arg [-L/opt/xgcc/bin/../lib/gcc/arm-linux-gnueabihf/4.8.3/../../../../arm-linux-gnueabihf/lib] ==> dir [/opt/xgcc/bin/../lib/gcc/arm-linux-gnueabihf/4.8.3/../../../../arm-linux-gnueabihf/lib]
    arg [-L/lib/arm-linux-gnueabihf] ==> dir [/lib/arm-linux-gnueabihf]
    arg [-L/lib/arm-linux-gnueabihf] ==> dir [/lib/arm-linux-gnueabihf]
    arg [-L/usr/lib/arm-linux-gnueabihf] ==> dir [/usr/lib/arm-linux-gnueabihf]
    arg [-L/usr/lib/arm-linux-gnueabihf] ==> dir [/usr/lib/arm-linux-gnueabihf]
    arg [CMakeFiles/cmTryCompileExec2628046446.dir/CMakeCCompilerABI.c.o] ==> ignore
    arg [-lgcc] ==> lib [gcc]
    arg [--as-needed] ==> ignore
    arg [-lgcc_s] ==> lib [gcc_s]
    arg [--no-as-needed] ==> ignore
    arg [-lc] ==> lib [c]
    arg [-lgcc] ==> lib [gcc]
    arg [--as-needed] ==> ignore
    arg [-lgcc_s] ==> lib [gcc_s]
    arg [--no-as-needed] ==> ignore
    arg [/opt/xgcc/bin/../lib/gcc/arm-linux-gnueabihf/4.8.3/crtend.o] ==> ignore
    arg [/usr/lib/arm-linux-gnueabihf/crtn.o] ==> ignore
  remove lib [gcc]
  remove lib [gcc_s]
  remove lib [gcc]
  remove lib [gcc_s]
  collapse library dir [/opt/xgcc/bin/../lib/gcc/arm-linux-gnueabihf/4.8.3] ==> [/opt/xgcc/lib/gcc/arm-linux-gnueabihf/4.8.3]
  collapse library dir [/opt/xgcc/bin/../lib/gcc/arm-linux-gnueabihf] ==> [/opt/xgcc/lib/gcc/arm-linux-gnueabihf]
  collapse library dir [/opt/xgcc/bin/../lib/gcc] ==> [/opt/xgcc/lib/gcc]
  collapse library dir [/opt/xgcc/bin/../lib/gcc/arm-linux-gnueabihf] ==> [/opt/xgcc/lib/gcc/arm-linux-gnueabihf]
  collapse library dir [/opt/xgcc/bin/../lib/gcc/arm-linux-gnueabihf/4.8.3/../../../../arm-linux-gnueabihf/lib] ==> [/opt/xgcc/arm-linux-gnueabihf/lib]
  collapse library dir [/lib/arm-linux-gnueabihf] ==> [/lib/arm-linux-gnueabihf]
  collapse library dir [/lib/arm-linux-gnueabihf] ==> [/lib/arm-linux-gnueabihf]
  collapse library dir [/usr/lib/arm-linux-gnueabihf] ==> [/usr/lib/arm-linux-gnueabihf]
  collapse library dir [/usr/lib/arm-linux-gnueabihf] ==> [/usr/lib/arm-linux-gnueabihf]
  implicit libs: [c]
  implicit dirs: [/opt/xgcc/lib/gcc/arm-linux-gnueabihf/4.8.3;/opt/xgcc/lib/gcc/arm-linux-gnueabihf;/opt/xgcc/lib/gcc;/opt/xgcc/arm-linux-gnueabihf/lib;/lib/arm-linux-gnueabihf;/usr/lib/arm-linux-gnueabihf]
  implicit fwks: []


Determining if the CXX compiler works passed with the following output:
Change Dir: /root/kioskd-build/build/CMakeFiles/CMakeTmp

Run Build Command:/usr/bin/make "cmTryCompileExec758128534/fast"
/usr/bin/make -f CMakeFiles/cmTryCompileExec758128534.dir/build.make CMakeFiles/cmTryCompileExec758128534.dir/build
make[1]: Entering directory `/root/kioskd-build/build/CMakeFiles/CMakeTmp'
/host-rootfs/usr/bin/cmake -E cmake_progress_report /root/kioskd-build/build/CMakeFiles/CMakeTmp/CMakeFiles 1
Building CXX object CMakeFiles/cmTryCompileExec758128534.dir/testCXXCompiler.cxx.o
/opt/xgcc/bin/arm-linux-gnueabihf-g++     -o CMakeFiles/cmTryCompileExec758128534.dir/testCXXCompiler.cxx.o -c /root/kioskd-build/build/CMakeFiles/CMakeTmp/testCXXCompiler.cxx
Linking CXX executable cmTryCompileExec758128534
/host-rootfs/usr/bin/cmake -E cmake_link_script CMakeFiles/cmTryCompileExec758128534.dir/link.txt --verbose=1
/opt/xgcc/bin/arm-linux-gnueabihf-g++       -L/opt/kioskd/lib -L/opt/vc/lib  -L/usr/lib/arm-linux-gnueabihf --sysroot=/ CMakeFiles/cmTryCompileExec758128534.dir/testCXXCompiler.cxx.o  -o cmTryCompileExec758128534 -rdynamic 
make[1]: Leaving directory `/root/kioskd-build/build/CMakeFiles/CMakeTmp'


Detecting CXX compiler ABI info compiled with the following output:
Change Dir: /root/kioskd-build/build/CMakeFiles/CMakeTmp

Run Build Command:/usr/bin/make "cmTryCompileExec1798402735/fast"
/usr/bin/make -f CMakeFiles/cmTryCompileExec1798402735.dir/build.make CMakeFiles/cmTryCompileExec1798402735.dir/build
make[1]: Entering directory `/root/kioskd-build/build/CMakeFiles/CMakeTmp'
/host-rootfs/usr/bin/cmake -E cmake_progress_report /root/kioskd-build/build/CMakeFiles/CMakeTmp/CMakeFiles 1
Building CXX object CMakeFiles/cmTryCompileExec1798402735.dir/CMakeCXXCompilerABI.cpp.o
/opt/xgcc/bin/arm-linux-gnueabihf-g++     -o CMakeFiles/cmTryCompileExec1798402735.dir/CMakeCXXCompilerABI.cpp.o -c /host-rootfs/usr/share/cmake/Modules/CMakeCXXCompilerABI.cpp
Linking CXX executable cmTryCompileExec1798402735
/host-rootfs/usr/bin/cmake -E cmake_link_script CMakeFiles/cmTryCompileExec1798402735.dir/link.txt --verbose=1
/opt/xgcc/bin/arm-linux-gnueabihf-g++      -v CMakeFiles/cmTryCompileExec1798402735.dir/CMakeCXXCompilerABI.cpp.o  -o cmTryCompileExec1798402735 -rdynamic  
Using built-in specs.
COLLECT_GCC=/opt/xgcc/bin/arm-linux-gnueabihf-g++
COLLECT_LTO_WRAPPER=/opt/xgcc/bin/../libexec/gcc/arm-linux-gnueabihf/4.8.3/lto-wrapper
Target: arm-linux-gnueabihf
Configured with: /home/zhehe01/work/bzr/pi-build/builds/arm-linux-gnueabihf-raspbian-linux/.build/src/gcc-linaro-4.8-2014.03/configure --build=x86_64-build_unknown-linux-gnu --host=x86_64-build_unknown-linux-gnu --target=arm-linux-gnueabihf --prefix=/home/zhehe01/work/bzr/pi-build/builds/arm-linux-gnueabihf-raspbian-linux/install --with-sysroot=/home/zhehe01/work/bzr/pi-build/builds/arm-linux-gnueabihf-raspbian-linux/install/arm-linux-gnueabihf/libc --enable-languages=c,c++,fortran --disable-multilib --enable-multiarch --with-arch=armv6 --with-tune=arm1176jz-s --with-fpu=vfp --with-float=hard --with-pkgversion='crosstool-NG linaro-1.13.1+bzr2650 - Linaro GCC 2014.03' --with-bugurl=https://bugs.launchpad.net/gcc-linaro --enable-__cxa_atexit --enable-libmudflap --enable-libgomp --enable-libssp --with-gmp=/home/zhehe01/work/bzr/pi-build/builds/arm-linux-gnueabihf-raspbian-linux/.build/arm-linux-gnueabihf/build/static --with-mpfr=/home/zhehe01/work/bzr/pi-build/builds/arm-linux-gnueabihf-raspbian-linux/.build/arm-linux-gnueabihf/build/static --with-mpc=/home/zhehe01/work/bzr/pi-build/builds/arm-linux-gnueabihf-raspbian-linux/.build/arm-linux-gnueabihf/build/static --with-isl=/home/zhehe01/work/bzr/pi-build/builds/arm-linux-gnueabihf-raspbian-linux/.build/arm-linux-gnueabihf/build/static --with-cloog=/home/zhehe01/work/bzr/pi-build/builds/arm-linux-gnueabihf-raspbian-linux/.build/arm-linux-gnueabihf/build/static --with-libelf=/home/zhehe01/work/bzr/pi-build/builds/arm-linux-gnueabihf-raspbian-linux/.build/arm-linux-gnueabihf/build/static --enable-threads=posix --disable-libstdcxx-pch --enable-linker-build-id --enable-plugin --enable-gold --with-local-prefix=/home/zhehe01/work/bzr/pi-build/builds/arm-linux-gnueabihf-raspbian-linux/install/arm-linux-gnueabihf/libc --enable-c99 --enable-long-long --with-float=hard
Thread model: posix
gcc version 4.8.3 20140303 (prerelease) (crosstool-NG linaro-1.13.1+bzr2650 - Linaro GCC 2014.03) 
COMPILER_PATH=/opt/xgcc/bin/../libexec/gcc/arm-linux-gnueabihf/4.8.3/:/opt/xgcc/bin/../libexec/gcc/arm-linux-gnueabihf/:/opt/xgcc/bin/../libexec/gcc/:/opt/xgcc/bin/../libexec/gcc/arm-linux-gnueabihf/:/opt/xgcc/bin/../lib/gcc/arm-linux-gnueabihf/4.8.3/../../../../arm-linux-gnueabihf/bin/
LIBRARY_PATH=/opt/xgcc/bin/../lib/gcc/arm-linux-gnueabihf/4.8.3/:/opt/xgcc/bin/../lib/gcc/arm-linux-gnueabihf/:/opt/xgcc/bin/../lib/gcc/:/opt/xgcc/bin/../lib/gcc/arm-linux-gnueabihf/:/opt/xgcc/bin/../lib/gcc/arm-linux-gnueabihf/4.8.3/../../../../arm-linux-gnueabihf/lib/:/opt/xgcc/bin/../arm-linux-gnueabihf/libc/lib/arm-linux-gnueabihf/:/opt/xgcc/bin/../arm-linux-gnueabihf/libc/lib/:/opt/xgcc/bin/../arm-linux-gnueabihf/libc/lib/arm-linux-gnueabihf/:/opt/xgcc/bin/../arm-linux-gnueabihf/libc/usr/lib/arm-linux-gnueabihf/:/opt/xgcc/bin/../arm-linux-gnueabihf/libc/usr/lib/:/opt/xgcc/bin/../arm-linux-gnueabihf/libc/usr/lib/arm-linux-gnueabihf/
COLLECT_GCC_OPTIONS='-v' '-o' 'cmTryCompileExec1798402735' '-rdynamic' '-shared-libgcc' '-march=armv6' '-mtune=arm1176jz-s' '-mfloat-abi=hard' '-mfpu=vfp' '-mtls-dialect=gnu'
 /opt/xgcc/bin/../libexec/gcc/arm-linux-gnueabihf/4.8.3/collect2 --sysroot=/opt/xgcc/bin/../arm-linux-gnueabihf/libc --build-id --eh-frame-hdr -export-dynamic -dynamic-linker /lib/ld-linux-armhf.so.3 -X -m armelf_linux_eabi -o cmTryCompileExec1798402735 /opt/xgcc/bin/../arm-linux-gnueabihf/libc/usr/lib/arm-linux-gnueabihf/crt1.o /opt/xgcc/bin/../arm-linux-gnueabihf/libc/usr/lib/arm-linux-gnueabihf/crti.o /opt/xgcc/bin/../lib/gcc/arm-linux-gnueabihf/4.8.3/crtbegin.o -L/opt/xgcc/bin/../lib/gcc/arm-linux-gnueabihf/4.8.3 -L/opt/xgcc/bin/../lib/gcc/arm-linux-gnueabihf -L/opt/xgcc/bin/../lib/gcc -L/opt/xgcc/bin/../lib/gcc/arm-linux-gnueabihf -L/opt/xgcc/bin/../lib/gcc/arm-linux-gnueabihf/4.8.3/../../../../arm-linux-gnueabihf/lib -L/opt/xgcc/bin/../arm-linux-gnueabihf/libc/lib/arm-linux-gnueabihf -L/opt/xgcc/bin/../arm-linux-gnueabihf/libc/lib -L/opt/xgcc/bin/../arm-linux-gnueabihf/libc/lib/arm-linux-gnueabihf -L/opt/xgcc/bin/../arm-linux-gnueabihf/libc/usr/lib/arm-linux-gnueabihf -L/opt/xgcc/bin/../arm-linux-gnueabihf/libc/usr/lib -L/opt/xgcc/bin/../arm-linux-gnueabihf/libc/usr/lib/arm-linux-gnueabihf CMakeFiles/cmTryCompileExec1798402735.dir/CMakeCXXCompilerABI.cpp.o -lstdc++ -lm -lgcc_s -lgcc -lc -lgcc_s -lgcc /opt/xgcc/bin/../lib/gcc/arm-linux-gnueabihf/4.8.3/crtend.o /opt/xgcc/bin/../arm-linux-gnueabihf/libc/usr/lib/arm-linux-gnueabihf/crtn.o
make[1]: Leaving directory `/root/kioskd-build/build/CMakeFiles/CMakeTmp'


Parsed CXX implicit link information from above output:
  link line regex: [^( *|.*[/\])(ld|([^/\]+-)?ld|collect2)[^/\]*( |$)]
  ignore line: [Change Dir: /root/kioskd-build/build/CMakeFiles/CMakeTmp]
  ignore line: []
  ignore line: [Run Build Command:/usr/bin/make "cmTryCompileExec1798402735/fast"]
  ignore line: [/usr/bin/make -f CMakeFiles/cmTryCompileExec1798402735.dir/build.make CMakeFiles/cmTryCompileExec1798402735.dir/build]
  ignore line: [make[1]: Entering directory `/root/kioskd-build/build/CMakeFiles/CMakeTmp']
  ignore line: [/host-rootfs/usr/bin/cmake -E cmake_progress_report /root/kioskd-build/build/CMakeFiles/CMakeTmp/CMakeFiles 1]
  ignore line: [Building CXX object CMakeFiles/cmTryCompileExec1798402735.dir/CMakeCXXCompilerABI.cpp.o]
  ignore line: [/opt/xgcc/bin/arm-linux-gnueabihf-g++     -o CMakeFiles/cmTryCompileExec1798402735.dir/CMakeCXXCompilerABI.cpp.o -c /host-rootfs/usr/share/cmake/Modules/CMakeCXXCompilerABI.cpp]
  ignore line: [Linking CXX executable cmTryCompileExec1798402735]
  ignore line: [/host-rootfs/usr/bin/cmake -E cmake_link_script CMakeFiles/cmTryCompileExec1798402735.dir/link.txt --verbose=1]
  ignore line: [/opt/xgcc/bin/arm-linux-gnueabihf-g++      -v CMakeFiles/cmTryCompileExec1798402735.dir/CMakeCXXCompilerABI.cpp.o  -o cmTryCompileExec1798402735 -rdynamic  ]
  ignore line: [Using built-in specs.]
  ignore line: [COLLECT_GCC=/opt/xgcc/bin/arm-linux-gnueabihf-g++]
  ignore line: [COLLECT_LTO_WRAPPER=/opt/xgcc/bin/../libexec/gcc/arm-linux-gnueabihf/4.8.3/lto-wrapper]
  ignore line: [Target: arm-linux-gnueabihf]
  ignore line: [Configured with: /home/zhehe01/work/bzr/pi-build/builds/arm-linux-gnueabihf-raspbian-linux/.build/src/gcc-linaro-4.8-2014.03/configure --build=x86_64-build_unknown-linux-gnu --host=x86_64-build_unknown-linux-gnu --target=arm-linux-gnueabihf --prefix=/home/zhehe01/work/bzr/pi-build/builds/arm-linux-gnueabihf-raspbian-linux/install --with-sysroot=/home/zhehe01/work/bzr/pi-build/builds/arm-linux-gnueabihf-raspbian-linux/install/arm-linux-gnueabihf/libc --enable-languages=c,c++,fortran --disable-multilib --enable-multiarch --with-arch=armv6 --with-tune=arm1176jz-s --with-fpu=vfp --with-float=hard --with-pkgversion='crosstool-NG linaro-1.13.1+bzr2650 - Linaro GCC 2014.03' --with-bugurl=https://bugs.launchpad.net/gcc-linaro --enable-__cxa_atexit --enable-libmudflap --enable-libgomp --enable-libssp --with-gmp=/home/zhehe01/work/bzr/pi-build/builds/arm-linux-gnueabihf-raspbian-linux/.build/arm-linux-gnueabihf/build/static --with-mpfr=/home/zhehe01/work/bzr/pi-build/builds/arm-linux-gnueabihf-raspbian-linux/.build/arm-linux-gnueabihf/build/static --with-mpc=/home/zhehe01/work/bzr/pi-build/builds/arm-linux-gnueabihf-raspbian-linux/.build/arm-linux-gnueabihf/build/static --with-isl=/home/zhehe01/work/bzr/pi-build/builds/arm-linux-gnueabihf-raspbian-linux/.build/arm-linux-gnueabihf/build/static --with-cloog=/home/zhehe01/work/bzr/pi-build/builds/arm-linux-gnueabihf-raspbian-linux/.build/arm-linux-gnueabihf/build/static --with-libelf=/home/zhehe01/work/bzr/pi-build/builds/arm-linux-gnueabihf-raspbian-linux/.build/arm-linux-gnueabihf/build/static --enable-threads=posix --disable-libstdcxx-pch --enable-linker-build-id --enable-plugin --enable-gold --with-local-prefix=/home/zhehe01/work/bzr/pi-build/builds/arm-linux-gnueabihf-raspbian-linux/install/arm-linux-gnueabihf/libc --enable-c99 --enable-long-long --with-float=hard]
  ignore line: [Thread model: posix]
  ignore line: [gcc version 4.8.3 20140303 (prerelease) (crosstool-NG linaro-1.13.1+bzr2650 - Linaro GCC 2014.03) ]
  ignore line: [COMPILER_PATH=/opt/xgcc/bin/../libexec/gcc/arm-linux-gnueabihf/4.8.3/:/opt/xgcc/bin/../libexec/gcc/arm-linux-gnueabihf/:/opt/xgcc/bin/../libexec/gcc/:/opt/xgcc/bin/../libexec/gcc/arm-linux-gnueabihf/:/opt/xgcc/bin/../lib/gcc/arm-linux-gnueabihf/4.8.3/../../../../arm-linux-gnueabihf/bin/]
  ignore line: [LIBRARY_PATH=/opt/xgcc/bin/../lib/gcc/arm-linux-gnueabihf/4.8.3/:/opt/xgcc/bin/../lib/gcc/arm-linux-gnueabihf/:/opt/xgcc/bin/../lib/gcc/:/opt/xgcc/bin/../lib/gcc/arm-linux-gnueabihf/:/opt/xgcc/bin/../lib/gcc/arm-linux-gnueabihf/4.8.3/../../../../arm-linux-gnueabihf/lib/:/opt/xgcc/bin/../arm-linux-gnueabihf/libc/lib/arm-linux-gnueabihf/:/opt/xgcc/bin/../arm-linux-gnueabihf/libc/lib/:/opt/xgcc/bin/../arm-linux-gnueabihf/libc/lib/arm-linux-gnueabihf/:/opt/xgcc/bin/../arm-linux-gnueabihf/libc/usr/lib/arm-linux-gnueabihf/:/opt/xgcc/bin/../arm-linux-gnueabihf/libc/usr/lib/:/opt/xgcc/bin/../arm-linux-gnueabihf/libc/usr/lib/arm-linux-gnueabihf/]
  ignore line: [COLLECT_GCC_OPTIONS='-v' '-o' 'cmTryCompileExec1798402735' '-rdynamic' '-shared-libgcc' '-march=armv6' '-mtune=arm1176jz-s' '-mfloat-abi=hard' '-mfpu=vfp' '-mtls-dialect=gnu']
  link line: [ /opt/xgcc/bin/../libexec/gcc/arm-linux-gnueabihf/4.8.3/collect2 --sysroot=/opt/xgcc/bin/../arm-linux-gnueabihf/libc --build-id --eh-frame-hdr -export-dynamic -dynamic-linker /lib/ld-linux-armhf.so.3 -X -m armelf_linux_eabi -o cmTryCompileExec1798402735 /opt/xgcc/bin/../arm-linux-gnueabihf/libc/usr/lib/arm-linux-gnueabihf/crt1.o /opt/xgcc/bin/../arm-linux-gnueabihf/libc/usr/lib/arm-linux-gnueabihf/crti.o /opt/xgcc/bin/../lib/gcc/arm-linux-gnueabihf/4.8.3/crtbegin.o -L/opt/xgcc/bin/../lib/gcc/arm-linux-gnueabihf/4.8.3 -L/opt/xgcc/bin/../lib/gcc/arm-linux-gnueabihf -L/opt/xgcc/bin/../lib/gcc -L/opt/xgcc/bin/../lib/gcc/arm-linux-gnueabihf -L/opt/xgcc/bin/../lib/gcc/arm-linux-gnueabihf/4.8.3/../../../../arm-linux-gnueabihf/lib -L/opt/xgcc/bin/../arm-linux-gnueabihf/libc/lib/arm-linux-gnueabihf -L/opt/xgcc/bin/../arm-linux-gnueabihf/libc/lib -L/opt/xgcc/bin/../arm-linux-gnueabihf/libc/lib/arm-linux-gnueabihf -L/opt/xgcc/bin/../arm-linux-gnueabihf/libc/usr/lib/arm-linux-gnueabihf -L/opt/xgcc/bin/../arm-linux-gnueabihf/libc/usr/lib -L/opt/xgcc/bin/../arm-linux-gnueabihf/libc/usr/lib/arm-linux-gnueabihf CMakeFiles/cmTryCompileExec1798402735.dir/CMakeCXXCompilerABI.cpp.o -lstdc++ -lm -lgcc_s -lgcc -lc -lgcc_s -lgcc /opt/xgcc/bin/../lib/gcc/arm-linux-gnueabihf/4.8.3/crtend.o /opt/xgcc/bin/../arm-linux-gnueabihf/libc/usr/lib/arm-linux-gnueabihf/crtn.o]
    arg [/opt/xgcc/bin/../libexec/gcc/arm-linux-gnueabihf/4.8.3/collect2] ==> ignore
    arg [--sysroot=/opt/xgcc/bin/../arm-linux-gnueabihf/libc] ==> ignore
    arg [--build-id] ==> ignore
    arg [--eh-frame-hdr] ==> ignore
    arg [-export-dynamic] ==> ignore
    arg [-dynamic-linker] ==> ignore
    arg [/lib/ld-linux-armhf.so.3] ==> ignore
    arg [-X] ==> ignore
    arg [-m] ==> ignore
    arg [armelf_linux_eabi] ==> ignore
    arg [-o] ==> ignore
    arg [cmTryCompileExec1798402735] ==> ignore
    arg [/opt/xgcc/bin/../arm-linux-gnueabihf/libc/usr/lib/arm-linux-gnueabihf/crt1.o] ==> ignore
    arg [/opt/xgcc/bin/../arm-linux-gnueabihf/libc/usr/lib/arm-linux-gnueabihf/crti.o] ==> ignore
    arg [/opt/xgcc/bin/../lib/gcc/arm-linux-gnueabihf/4.8.3/crtbegin.o] ==> ignore
    arg [-L/opt/xgcc/bin/../lib/gcc/arm-linux-gnueabihf/4.8.3] ==> dir [/opt/xgcc/bin/../lib/gcc/arm-linux-gnueabihf/4.8.3]
    arg [-L/opt/xgcc/bin/../lib/gcc/arm-linux-gnueabihf] ==> dir [/opt/xgcc/bin/../lib/gcc/arm-linux-gnueabihf]
    arg [-L/opt/xgcc/bin/../lib/gcc] ==> dir [/opt/xgcc/bin/../lib/gcc]
    arg [-L/opt/xgcc/bin/../lib/gcc/arm-linux-gnueabihf] ==> dir [/opt/xgcc/bin/../lib/gcc/arm-linux-gnueabihf]
    arg [-L/opt/xgcc/bin/../lib/gcc/arm-linux-gnueabihf/4.8.3/../../../../arm-linux-gnueabihf/lib] ==> dir [/opt/xgcc/bin/../lib/gcc/arm-linux-gnueabihf/4.8.3/../../../../arm-linux-gnueabihf/lib]
    arg [-L/opt/xgcc/bin/../arm-linux-gnueabihf/libc/lib/arm-linux-gnueabihf] ==> dir [/opt/xgcc/bin/../arm-linux-gnueabihf/libc/lib/arm-linux-gnueabihf]
    arg [-L/opt/xgcc/bin/../arm-linux-gnueabihf/libc/lib] ==> dir [/opt/xgcc/bin/../arm-linux-gnueabihf/libc/lib]
    arg [-L/opt/xgcc/bin/../arm-linux-gnueabihf/libc/lib/arm-linux-gnueabihf] ==> dir [/opt/xgcc/bin/../arm-linux-gnueabihf/libc/lib/arm-linux-gnueabihf]
    arg [-L/opt/xgcc/bin/../arm-linux-gnueabihf/libc/usr/lib/arm-linux-gnueabihf] ==> dir [/opt/xgcc/bin/../arm-linux-gnueabihf/libc/usr/lib/arm-linux-gnueabihf]
    arg [-L/opt/xgcc/bin/../arm-linux-gnueabihf/libc/usr/lib] ==> dir [/opt/xgcc/bin/../arm-linux-gnueabihf/libc/usr/lib]
    arg [-L/opt/xgcc/bin/../arm-linux-gnueabihf/libc/usr/lib/arm-linux-gnueabihf] ==> dir [/opt/xgcc/bin/../arm-linux-gnueabihf/libc/usr/lib/arm-linux-gnueabihf]
    arg [CMakeFiles/cmTryCompileExec1798402735.dir/CMakeCXXCompilerABI.cpp.o] ==> ignore
    arg [-lstdc++] ==> lib [stdc++]
    arg [-lm] ==> lib [m]
    arg [-lgcc_s] ==> lib [gcc_s]
    arg [-lgcc] ==> lib [gcc]
    arg [-lc] ==> lib [c]
    arg [-lgcc_s] ==> lib [gcc_s]
    arg [-lgcc] ==> lib [gcc]
    arg [/opt/xgcc/bin/../lib/gcc/arm-linux-gnueabihf/4.8.3/crtend.o] ==> ignore
    arg [/opt/xgcc/bin/../arm-linux-gnueabihf/libc/usr/lib/arm-linux-gnueabihf/crtn.o] ==> ignore
  remove lib [gcc_s]
  remove lib [gcc]
  remove lib [gcc_s]
  remove lib [gcc]
  collapse library dir [/opt/xgcc/bin/../lib/gcc/arm-linux-gnueabihf/4.8.3] ==> [/opt/xgcc/lib/gcc/arm-linux-gnueabihf/4.8.3]
  collapse library dir [/opt/xgcc/bin/../lib/gcc/arm-linux-gnueabihf] ==> [/opt/xgcc/lib/gcc/arm-linux-gnueabihf]
  collapse library dir [/opt/xgcc/bin/../lib/gcc] ==> [/opt/xgcc/lib/gcc]
  collapse library dir [/opt/xgcc/bin/../lib/gcc/arm-linux-gnueabihf] ==> [/opt/xgcc/lib/gcc/arm-linux-gnueabihf]
  collapse library dir [/opt/xgcc/bin/../lib/gcc/arm-linux-gnueabihf/4.8.3/../../../../arm-linux-gnueabihf/lib] ==> [/opt/xgcc/arm-linux-gnueabihf/lib]
  collapse library dir [/opt/xgcc/bin/../arm-linux-gnueabihf/libc/lib/arm-linux-gnueabihf] ==> [/opt/xgcc/arm-linux-gnueabihf/libc/lib/arm-linux-gnueabihf]
  collapse library dir [/opt/xgcc/bin/../arm-linux-gnueabihf/libc/lib] ==> [/opt/xgcc/arm-linux-gnueabihf/libc/lib]
  collapse library dir [/opt/xgcc/bin/../arm-linux-gnueabihf/libc/lib/arm-linux-gnueabihf] ==> [/opt/xgcc/arm-linux-gnueabihf/libc/lib/arm-linux-gnueabihf]
  collapse library dir [/opt/xgcc/bin/../arm-linux-gnueabihf/libc/usr/lib/arm-linux-gnueabihf] ==> [/opt/xgcc/arm-linux-gnueabihf/libc/usr/lib/arm-linux-gnueabihf]
  collapse library dir [/opt/xgcc/bin/../arm-linux-gnueabihf/libc/usr/lib] ==> [/opt/xgcc/arm-linux-gnueabihf/libc/usr/lib]
  collapse library dir [/opt/xgcc/bin/../arm-linux-gnueabihf/libc/usr/lib/arm-linux-gnueabihf] ==> [/opt/xgcc/arm-linux-gnueabihf/libc/usr/lib/arm-linux-gnueabihf]
  implicit libs: [stdc++;m;c]
  implicit dirs: [/opt/xgcc/lib/gcc/arm-linux-gnueabihf/4.8.3;/opt/xgcc/lib/gcc/arm-linux-gnueabihf;/opt/xgcc/lib/gcc;/opt/xgcc/arm-linux-gnueabihf/lib;/opt/xgcc/arm-linux-gnueabihf/libc/lib/arm-linux-gnueabihf;/opt/xgcc/arm-linux-gnueabihf/libc/lib;/opt/xgcc/arm-linux-gnueabihf/libc/usr/lib/arm-linux-gnueabihf;/opt/xgcc/arm-linux-gnueabihf/libc/usr/lib]
  implicit fwks: []


