--------------------
./configure --prefix=/opt/kioskd
Sat Oct  4 01:04:53 UTC 2014
=== ztest13085.c ===
extern int getchar();
int hello() {return getchar();}
===
/opt/xgcc/bin/arm-linux-gnueabihf-gcc -c ztest13085.c
... using gcc

Checking for obsessive-compulsive compiler options...
=== ztest13085.c ===
int foo() { return 0; }
===
/opt/xgcc/bin/arm-linux-gnueabihf-gcc -c -I/opt/kioskd/include -I/opt/vc/include --sysroot=/ ztest13085.c

Checking for shared library support...
=== ztest13085.c ===
extern int getchar();
int hello() {return getchar();}
===
/opt/xgcc/bin/arm-linux-gnueabihf-gcc -w -c -I/opt/kioskd/include -I/opt/vc/include --sysroot=/ -fPIC ztest13085.c
/opt/xgcc/bin/arm-linux-gnueabihf-gcc -shared -Wl,-soname,libz.so.1,--version-script,zlib.map -I/opt/kioskd/include -I/opt/vc/include --sysroot=/ -fPIC -o ztest13085.so ztest13085.o
Building shared library libz.so.1.2.8 with /opt/xgcc/bin/arm-linux-gnueabihf-gcc.

=== ztest13085.c ===
#include <sys/types.h>
off64_t dummy = 0;
===
/opt/xgcc/bin/arm-linux-gnueabihf-gcc -c -I/opt/kioskd/include -I/opt/vc/include --sysroot=/ -D_LARGEFILE64_SOURCE=1 ztest13085.c
Checking for off64_t... Yes.
Checking for fseeko... Yes.

=== ztest13085.c ===
#include <string.h>
#include <errno.h>
int main() { return strlen(strerror(errno)); }
===
/opt/xgcc/bin/arm-linux-gnueabihf-gcc -I/opt/kioskd/include -I/opt/vc/include --sysroot=/ -D_LARGEFILE64_SOURCE=1 -o ztest13085 ztest13085.c
Checking for strerror... Yes.

=== ztest13085.c ===
#include <unistd.h>
int main() { return 0; }
===
/opt/xgcc/bin/arm-linux-gnueabihf-gcc -c -I/opt/kioskd/include -I/opt/vc/include --sysroot=/ -D_LARGEFILE64_SOURCE=1 ztest13085.c
Checking for unistd.h... Yes.

=== ztest13085.c ===
#include <stdarg.h>
int main() { return 0; }
===
/opt/xgcc/bin/arm-linux-gnueabihf-gcc -c -I/opt/kioskd/include -I/opt/vc/include --sysroot=/ -D_LARGEFILE64_SOURCE=1 ztest13085.c
Checking for stdarg.h... Yes.

=== ztest13085.c ===
#include <stdio.h>
#include <stdarg.h>
#include "zconf.h"
int main()
{
#ifndef STDC
  choke me
#endif
  return 0;
}
===
/opt/xgcc/bin/arm-linux-gnueabihf-gcc -c -I/opt/kioskd/include -I/opt/vc/include --sysroot=/ -D_LARGEFILE64_SOURCE=1 ztest13085.c
Checking whether to use vs[n]printf() or s[n]printf()... using vs[n]printf().

=== ztest13085.c ===
#include <stdio.h>
#include <stdarg.h>
int mytest(const char *fmt, ...)
{
  char buf[20];
  va_list ap;
  va_start(ap, fmt);
  vsnprintf(buf, sizeof(buf), fmt, ap);
  va_end(ap);
  return 0;
}
int main()
{
  return (mytest("Hello%d\n", 1));
}
===
/opt/xgcc/bin/arm-linux-gnueabihf-gcc -I/opt/kioskd/include -I/opt/vc/include --sysroot=/ -D_LARGEFILE64_SOURCE=1 -o ztest13085 ztest13085.c
Checking for vsnprintf() in stdio.h... Yes.

=== ztest13085.c ===
#include <stdio.h>
#include <stdarg.h>
int mytest(const char *fmt, ...)
{
  int n;
  char buf[20];
  va_list ap;
  va_start(ap, fmt);
  n = vsnprintf(buf, sizeof(buf), fmt, ap);
  va_end(ap);
  return n;
}
int main()
{
  return (mytest("Hello%d\n", 1));
}
===
/opt/xgcc/bin/arm-linux-gnueabihf-gcc -c -I/opt/kioskd/include -I/opt/vc/include --sysroot=/ -D_LARGEFILE64_SOURCE=1 ztest13085.c
Checking for return value of vsnprintf()... Yes.

=== ztest13085.c ===
#define ZLIB_INTERNAL __attribute__((visibility ("hidden")))
int ZLIB_INTERNAL foo;
int main()
{
  return 0;
}
===
/opt/xgcc/bin/arm-linux-gnueabihf-gcc -c -I/opt/kioskd/include -I/opt/vc/include --sysroot=/ -D_LARGEFILE64_SOURCE=1 ztest13085.c
Checking for attribute(visibility) support... Yes.

ALL = static shared all64
AR = ar
ARFLAGS = rc
CC = /opt/xgcc/bin/arm-linux-gnueabihf-gcc
CFLAGS = -I/opt/kioskd/include -I/opt/vc/include --sysroot=/ -D_LARGEFILE64_SOURCE=1 -DHAVE_HIDDEN
CPP = /opt/xgcc/bin/arm-linux-gnueabihf-cpp
EXE =
LDCONFIG = ldconfig
LDFLAGS = -L/opt/kioskd/lib -L/opt/vc/lib --sysroot=/
LDSHARED = /opt/xgcc/bin/arm-linux-gnueabihf-gcc -shared -Wl,-soname,libz.so.1,--version-script,zlib.map
LDSHAREDLIBC = -lc
OBJC = $(OBJZ) $(OBJG)
PIC_OBJC = $(PIC_OBJZ) $(PIC_OBJG)
RANLIB = ranlib
SFLAGS = -I/opt/kioskd/include -I/opt/vc/include --sysroot=/ -fPIC -D_LARGEFILE64_SOURCE=1 -DHAVE_HIDDEN
SHAREDLIB = libz.so
SHAREDLIBM = libz.so.1
SHAREDLIBV = libz.so.1.2.8
STATICLIB = libz.a
TEST = all teststatic testshared test64
VER = 1.2.8
Z_U4 =
exec_prefix = ${prefix}
includedir = ${prefix}/include
libdir = ${exec_prefix}/lib
mandir = ${prefix}/share/man
prefix = /opt/kioskd
sharedlibdir = ${libdir}
uname = Linux
--------------------


